TN:
SF:src\App.vue
FN:21,render
FN:24,(anonymous_1)
FN:29,(anonymous_2)
FNF:3
FNH:0
FNDA:0,render
FNDA:0,(anonymous_1)
FNDA:0,(anonymous_2)
DA:4,0
DA:7,0
DA:8,0
DA:11,0
DA:13,0
DA:16,0
DA:17,0
DA:18,0
DA:22,0
DA:23,0
DA:25,0
DA:26,0
DA:30,0
DA:37,0
LF:14
LH:0
BRDA:26,0,0,0
BRDA:26,0,1,0
BRF:2
BRH:0
end_of_record
TN:
SF:src\components\tasks\TaskComments.vue
FN:11,(anonymous_0)
FN:32,(anonymous_1)
FN:39,(anonymous_2)
FN:57,(anonymous_3)
FN:79,(anonymous_4)
FN:84,(anonymous_5)
FN:87,(anonymous_6)
FN:107,(anonymous_7)
FN:112,(anonymous_8)
FN:121,(anonymous_9)
FN:125,(anonymous_10)
FN:129,(anonymous_11)
FN:133,(anonymous_12)
FN:137,(anonymous_13)
FN:151,_toConsumableArray
FN:152,_nonIterableSpread
FN:153,_unsupportedIterableToArray
FN:154,_iterableToArray
FN:155,_arrayWithoutHoles
FN:156,_arrayLikeToArray
FN:197,render
FN:207,(anonymous_21)
FN:217,(anonymous_22)
FN:221,(anonymous_23)
FN:227,onClick
FN:232,(anonymous_25)
FN:239,onClick
FN:244,(anonymous_27)
FN:253,(anonymous_28)
FN:260,(anonymous_29)
FN:270,(anonymous_30)
FN:279,(anonymous_31)
FN:283,(anonymous_32)
FNF:33
FNH:0
FNDA:0,(anonymous_0)
FNDA:0,(anonymous_1)
FNDA:0,(anonymous_2)
FNDA:0,(anonymous_3)
FNDA:0,(anonymous_4)
FNDA:0,(anonymous_5)
FNDA:0,(anonymous_6)
FNDA:0,(anonymous_7)
FNDA:0,(anonymous_8)
FNDA:0,(anonymous_9)
FNDA:0,(anonymous_10)
FNDA:0,(anonymous_11)
FNDA:0,(anonymous_12)
FNDA:0,(anonymous_13)
FNDA:0,_toConsumableArray
FNDA:0,_nonIterableSpread
FNDA:0,_unsupportedIterableToArray
FNDA:0,_iterableToArray
FNDA:0,_arrayWithoutHoles
FNDA:0,_arrayLikeToArray
FNDA:0,render
FNDA:0,(anonymous_21)
FNDA:0,(anonymous_22)
FNDA:0,(anonymous_23)
FNDA:0,onClick
FNDA:0,(anonymous_25)
FNDA:0,onClick
FNDA:0,(anonymous_27)
FNDA:0,(anonymous_28)
FNDA:0,(anonymous_29)
FNDA:0,(anonymous_30)
FNDA:0,(anonymous_31)
FNDA:0,(anonymous_32)
DA:12,0
DA:33,0
DA:40,0
DA:41,0
DA:42,0
DA:43,0
DA:47,0
DA:48,0
DA:49,0
DA:51,0
DA:52,0
DA:54,0
DA:58,0
DA:59,0
DA:60,0
DA:62,0
DA:63,0
DA:64,0
DA:68,0
DA:69,0
DA:70,0
DA:71,0
DA:73,0
DA:74,0
DA:76,0
DA:80,0
DA:85,0
DA:88,0
DA:89,0
DA:90,0
DA:92,0
DA:93,0
DA:94,0
DA:97,0
DA:98,0
DA:99,0
DA:101,0
DA:102,0
DA:104,0
DA:108,0
DA:113,0
DA:114,0
DA:115,0
DA:116,0
DA:118,0
DA:119,0
DA:127,0
DA:130,0
DA:131,0
DA:134,0
DA:135,0
DA:138,0
DA:139,0
DA:140,0
DA:144,0
DA:146,0
DA:149,0
DA:150,0
DA:151,0
DA:152,0
DA:153,0
DA:154,0
DA:155,0
DA:156,0
DA:157,0
DA:160,0
DA:163,0
DA:166,0
DA:169,0
DA:172,0
DA:175,0
DA:178,0
DA:182,0
DA:186,0
DA:190,0
DA:193,0
DA:198,0
DA:199,0
DA:200,0
DA:201,0
DA:202,0
DA:208,0
DA:218,0
DA:222,0
DA:228,0
DA:233,0
DA:240,0
DA:245,0
DA:254,0
DA:261,0
DA:271,0
DA:280,0
DA:284,0
DA:293,0
LF:94
LH:0
BRDA:40,0,0,0
BRDA:40,0,1,0
BRDA:48,1,0,0
BRDA:48,1,1,0
BRDA:49,2,0,0
BRDA:49,2,1,0
BRDA:58,3,0,0
BRDA:58,3,1,0
BRDA:88,4,0,0
BRDA:88,4,1,0
BRDA:127,5,0,0
BRDA:127,5,1,0
BRDA:127,5,2,0
BRDA:138,6,0,0
BRDA:138,6,1,0
BRDA:151,7,0,0
BRDA:151,7,1,0
BRDA:151,7,2,0
BRDA:151,7,3,0
BRDA:153,8,0,0
BRDA:153,8,1,0
BRDA:153,9,0,0
BRDA:153,9,1,0
BRDA:153,10,0,0
BRDA:153,10,1,0
BRDA:153,10,2,0
BRDA:153,11,0,0
BRDA:153,11,1,0
BRDA:153,12,0,0
BRDA:153,12,1,0
BRDA:153,13,0,0
BRDA:153,13,1,0
BRDA:153,14,0,0
BRDA:153,14,1,0
BRDA:154,15,0,0
BRDA:154,15,1,0
BRDA:154,16,0,0
BRDA:154,16,1,0
BRDA:154,16,2,0
BRDA:155,17,0,0
BRDA:155,17,1,0
BRDA:156,18,0,0
BRDA:156,18,1,0
BRDA:156,18,2,0
BRDA:202,19,0,0
BRDA:202,19,1,0
BRDA:207,20,0,0
BRDA:207,20,1,0
BRDA:218,21,0,0
BRDA:218,21,1,0
BRDA:225,22,0,0
BRDA:225,22,1,0
BRDA:233,23,0,0
BRDA:233,23,1,0
BRDA:245,24,0,0
BRDA:245,24,1,0
BRDA:249,25,0,0
BRDA:249,25,1,0
BRDA:249,26,0,0
BRDA:249,26,1,0
BRDA:253,27,0,0
BRDA:253,27,1,0
BRDA:261,28,0,0
BRDA:261,28,1,0
BRDA:271,29,0,0
BRDA:271,29,1,0
BRDA:276,30,0,0
BRDA:276,30,1,0
BRDA:276,31,0,0
BRDA:276,31,1,0
BRDA:279,32,0,0
BRDA:279,32,1,0
BRDA:283,33,0,0
BRDA:283,33,1,0
BRF:74
BRH:0
end_of_record
TN:
SF:src\services\api.js
FN:11,(anonymous_0)
FN:19,(anonymous_1)
FN:26,(anonymous_2)
FN:29,(anonymous_3)
FNF:4
FNH:0
FNDA:0,(anonymous_0)
FNDA:0,(anonymous_1)
FNDA:0,(anonymous_2)
FNDA:0,(anonymous_3)
DA:4,3
DA:10,3
DA:13,0
DA:14,0
DA:15,0
DA:17,0
DA:20,0
DA:25,3
DA:27,0
DA:30,0
DA:32,0
DA:33,0
DA:34,0
DA:36,0
LF:14
LH:3
BRDA:14,0,0,0
BRDA:14,0,1,0
BRDA:30,1,0,0
BRDA:30,1,1,0
BRDA:30,2,0,0
BRDA:30,2,1,0
BRF:6
BRH:0
end_of_record
TN:
SF:src\services\auth.js
FN:4,(anonymous_0)
FN:9,(anonymous_1)
FN:14,(anonymous_2)
FN:19,(anonymous_3)
FN:24,(anonymous_4)
FN:29,(anonymous_5)
FN:34,(anonymous_6)
FN:39,(anonymous_7)
FN:44,(anonymous_8)
FN:49,(anonymous_9)
FN:54,(anonymous_10)
FNF:11
FNH:0
FNDA:0,(anonymous_0)
FNDA:0,(anonymous_1)
FNDA:0,(anonymous_2)
FNDA:0,(anonymous_3)
FNDA:0,(anonymous_4)
FNDA:0,(anonymous_5)
FNDA:0,(anonymous_6)
FNDA:0,(anonymous_7)
FNDA:0,(anonymous_8)
FNDA:0,(anonymous_9)
FNDA:0,(anonymous_10)
DA:4,2
DA:5,0
DA:9,2
DA:10,0
DA:14,2
DA:15,0
DA:19,2
DA:20,0
DA:24,2
DA:25,0
DA:29,2
DA:30,0
DA:34,2
DA:35,0
DA:39,2
DA:40,0
DA:44,2
DA:45,0
DA:49,2
DA:50,0
DA:54,2
DA:55,0
LF:22
LH:11
BRF:0
BRH:0
end_of_record
TN:
SF:src\services\categories.js
FN:4,(anonymous_0)
FN:9,(anonymous_1)
FN:14,(anonymous_2)
FN:19,(anonymous_3)
FNF:4
FNH:0
FNDA:0,(anonymous_0)
FNDA:0,(anonymous_1)
FNDA:0,(anonymous_2)
FNDA:0,(anonymous_3)
DA:4,1
DA:5,0
DA:9,1
DA:10,0
DA:14,1
DA:15,0
DA:19,1
DA:20,0
LF:8
LH:4
BRF:0
BRH:0
end_of_record
TN:
SF:src\services\comments.js
FN:4,(anonymous_0)
FN:9,(anonymous_1)
FN:14,(anonymous_2)
FN:19,(anonymous_3)
FN:24,(anonymous_4)
FN:29,(anonymous_5)
FNF:6
FNH:0
FNDA:0,(anonymous_0)
FNDA:0,(anonymous_1)
FNDA:0,(anonymous_2)
FNDA:0,(anonymous_3)
FNDA:0,(anonymous_4)
FNDA:0,(anonymous_5)
DA:4,0
DA:5,0
DA:9,0
DA:10,0
DA:14,0
DA:15,0
DA:19,0
DA:20,0
DA:24,0
DA:25,0
DA:29,0
DA:30,0
LF:12
LH:0
BRF:0
BRH:0
end_of_record
TN:
SF:src\services\reminders.js
FN:4,(anonymous_0)
FN:9,(anonymous_1)
FN:14,(anonymous_2)
FN:19,(anonymous_3)
FN:24,(anonymous_4)
FN:29,(anonymous_5)
FN:34,(anonymous_6)
FN:39,(anonymous_7)
FNF:8
FNH:0
FNDA:0,(anonymous_0)
FNDA:0,(anonymous_1)
FNDA:0,(anonymous_2)
FNDA:0,(anonymous_3)
FNDA:0,(anonymous_4)
FNDA:0,(anonymous_5)
FNDA:0,(anonymous_6)
FNDA:0,(anonymous_7)
DA:4,0
DA:5,0
DA:9,0
DA:10,0
DA:14,0
DA:15,0
DA:19,0
DA:20,0
DA:24,0
DA:25,0
DA:29,0
DA:30,0
DA:34,0
DA:35,0
DA:39,0
DA:40,0
LF:16
LH:0
BRF:0
BRH:0
end_of_record
TN:
SF:src\services\tasks.js
FN:4,(anonymous_0)
FN:9,(anonymous_1)
FN:14,(anonymous_2)
FN:19,(anonymous_3)
FN:24,(anonymous_4)
FN:29,(anonymous_5)
FN:34,(anonymous_6)
FN:39,(anonymous_7)
FN:44,(anonymous_8)
FN:49,(anonymous_9)
FN:54,(anonymous_10)
FN:59,(anonymous_11)
FN:64,(anonymous_12)
FN:69,(anonymous_13)
FN:74,(anonymous_14)
FN:79,(anonymous_15)
FN:84,(anonymous_16)
FN:89,(anonymous_17)
FN:96,(anonymous_18)
FN:103,(anonymous_19)
FNF:20
FNH:0
FNDA:0,(anonymous_0)
FNDA:0,(anonymous_1)
FNDA:0,(anonymous_2)
FNDA:0,(anonymous_3)
FNDA:0,(anonymous_4)
FNDA:0,(anonymous_5)
FNDA:0,(anonymous_6)
FNDA:0,(anonymous_7)
FNDA:0,(anonymous_8)
FNDA:0,(anonymous_9)
FNDA:0,(anonymous_10)
FNDA:0,(anonymous_11)
FNDA:0,(anonymous_12)
FNDA:0,(anonymous_13)
FNDA:0,(anonymous_14)
FNDA:0,(anonymous_15)
FNDA:0,(anonymous_16)
FNDA:0,(anonymous_17)
FNDA:0,(anonymous_18)
FNDA:0,(anonymous_19)
DA:4,2
DA:5,0
DA:9,2
DA:10,0
DA:14,2
DA:15,0
DA:19,2
DA:20,0
DA:24,2
DA:25,0
DA:29,2
DA:30,0
DA:34,2
DA:35,0
DA:39,2
DA:40,0
DA:44,2
DA:45,0
DA:49,2
DA:50,0
DA:54,2
DA:55,0
DA:59,2
DA:60,0
DA:64,2
DA:65,0
DA:69,2
DA:70,0
DA:74,2
DA:75,0
DA:79,2
DA:80,0
DA:84,2
DA:85,0
DA:89,2
DA:91,0
DA:92,0
DA:96,2
DA:98,0
DA:99,0
DA:103,2
DA:105,0
DA:106,0
LF:43
LH:20
BRF:0
BRH:0
end_of_record
TN:
SF:src\store\index.js
FN:56,(anonymous_0)
FN:61,(anonymous_1)
FN:74,(anonymous_2)
FN:79,(anonymous_3)
FN:84,(anonymous_4)
FN:85,(anonymous_5)
FN:91,(anonymous_6)
FN:92,(anonymous_7)
FN:97,(anonymous_8)
FN:101,(anonymous_9)
FN:105,(anonymous_10)
FN:106,(anonymous_11)
FN:117,(anonymous_12)
FN:118,(anonymous_13)
FN:126,(anonymous_14)
FN:130,(anonymous_15)
FN:134,(anonymous_16)
FN:135,(anonymous_17)
FN:141,(anonymous_18)
FN:142,(anonymous_19)
FN:145,(anonymous_20)
FN:150,(anonymous_21)
FN:154,(anonymous_22)
FN:159,(anonymous_23)
FN:164,(anonymous_24)
FN:168,(anonymous_25)
FN:172,(anonymous_26)
FN:173,(anonymous_27)
FN:179,(anonymous_28)
FN:180,(anonymous_29)
FN:186,(anonymous_30)
FN:190,(anonymous_31)
FN:207,(anonymous_32)
FN:212,(anonymous_33)
FN:223,(anonymous_34)
FN:234,(anonymous_35)
FN:245,(anonymous_36)
FN:257,(anonymous_37)
FN:261,(anonymous_38)
FN:265,(anonymous_39)
FN:269,(anonymous_40)
FN:273,(anonymous_41)
FN:277,(anonymous_42)
FN:288,(anonymous_43)
FN:299,(anonymous_44)
FN:310,(anonymous_45)
FN:315,(anonymous_46)
FN:319,(anonymous_47)
FN:324,(anonymous_48)
FN:329,(anonymous_49)
FN:340,(anonymous_50)
FN:351,(anonymous_51)
FN:362,(anonymous_52)
FN:373,(anonymous_53)
FN:385,(anonymous_54)
FN:400,(anonymous_55)
FN:401,(anonymous_56)
FN:402,(anonymous_57)
FN:405,(anonymous_58)
FN:406,(anonymous_59)
FN:409,(anonymous_60)
FN:410,(anonymous_61)
FN:411,(anonymous_62)
FN:414,(anonymous_63)
FN:417,(anonymous_64)
FN:420,(anonymous_65)
FNF:66
FNH:0
FNDA:0,(anonymous_0)
FNDA:0,(anonymous_1)
FNDA:0,(anonymous_2)
FNDA:0,(anonymous_3)
FNDA:0,(anonymous_4)
FNDA:0,(anonymous_5)
FNDA:0,(anonymous_6)
FNDA:0,(anonymous_7)
FNDA:0,(anonymous_8)
FNDA:0,(anonymous_9)
FNDA:0,(anonymous_10)
FNDA:0,(anonymous_11)
FNDA:0,(anonymous_12)
FNDA:0,(anonymous_13)
FNDA:0,(anonymous_14)
FNDA:0,(anonymous_15)
FNDA:0,(anonymous_16)
FNDA:0,(anonymous_17)
FNDA:0,(anonymous_18)
FNDA:0,(anonymous_19)
FNDA:0,(anonymous_20)
FNDA:0,(anonymous_21)
FNDA:0,(anonymous_22)
FNDA:0,(anonymous_23)
FNDA:0,(anonymous_24)
FNDA:0,(anonymous_25)
FNDA:0,(anonymous_26)
FNDA:0,(anonymous_27)
FNDA:0,(anonymous_28)
FNDA:0,(anonymous_29)
FNDA:0,(anonymous_30)
FNDA:0,(anonymous_31)
FNDA:0,(anonymous_32)
FNDA:0,(anonymous_33)
FNDA:0,(anonymous_34)
FNDA:0,(anonymous_35)
FNDA:0,(anonymous_36)
FNDA:0,(anonymous_37)
FNDA:0,(anonymous_38)
FNDA:0,(anonymous_39)
FNDA:0,(anonymous_40)
FNDA:0,(anonymous_41)
FNDA:0,(anonymous_42)
FNDA:0,(anonymous_43)
FNDA:0,(anonymous_44)
FNDA:0,(anonymous_45)
FNDA:0,(anonymous_46)
FNDA:0,(anonymous_47)
FNDA:0,(anonymous_48)
FNDA:0,(anonymous_49)
FNDA:0,(anonymous_50)
FNDA:0,(anonymous_51)
FNDA:0,(anonymous_52)
FNDA:0,(anonymous_53)
FNDA:0,(anonymous_54)
FNDA:0,(anonymous_55)
FNDA:0,(anonymous_56)
FNDA:0,(anonymous_57)
FNDA:0,(anonymous_58)
FNDA:0,(anonymous_59)
FNDA:0,(anonymous_60)
FNDA:0,(anonymous_61)
FNDA:0,(anonymous_62)
FNDA:0,(anonymous_63)
FNDA:0,(anonymous_64)
FNDA:0,(anonymous_65)
DA:57,0
DA:58,0
DA:62,0
DA:63,0
DA:64,0
DA:65,0
DA:66,0
DA:67,0
DA:68,0
DA:69,0
DA:70,0
DA:75,0
DA:76,0
DA:80,0
DA:81,0
DA:85,0
DA:86,0
DA:87,0
DA:92,0
DA:93,0
DA:98,0
DA:102,0
DA:106,0
DA:107,0
DA:108,0
DA:112,0
DA:113,0
DA:118,0
DA:121,0
DA:122,0
DA:127,0
DA:131,0
DA:135,0
DA:136,0
DA:137,0
DA:142,0
DA:146,0
DA:151,0
DA:155,0
DA:160,0
DA:165,0
DA:169,0
DA:173,0
DA:174,0
DA:175,0
DA:180,0
DA:187,0
DA:191,0
DA:192,0
DA:193,0
DA:194,0
DA:197,0
DA:199,0
DA:201,0
DA:202,0
DA:203,0
DA:208,0
DA:213,0
DA:214,0
DA:215,0
DA:216,0
DA:218,0
DA:219,0
DA:224,0
DA:225,0
DA:226,0
DA:227,0
DA:229,0
DA:230,0
DA:235,0
DA:236,0
DA:237,0
DA:238,0
DA:240,0
DA:241,0
DA:246,0
DA:247,0
DA:248,0
DA:249,0
DA:251,0
DA:252,0
DA:258,0
DA:262,0
DA:266,0
DA:270,0
DA:274,0
DA:278,0
DA:279,0
DA:280,0
DA:281,0
DA:283,0
DA:284,0
DA:289,0
DA:290,0
DA:291,0
DA:292,0
DA:294,0
DA:295,0
DA:300,0
DA:301,0
DA:302,0
DA:303,0
DA:305,0
DA:306,0
DA:311,0
DA:316,0
DA:320,0
DA:325,0
DA:330,0
DA:331,0
DA:332,0
DA:333,0
DA:335,0
DA:336,0
DA:341,0
DA:342,0
DA:343,0
DA:344,0
DA:346,0
DA:347,0
DA:352,0
DA:353,0
DA:354,0
DA:355,0
DA:357,0
DA:358,0
DA:363,0
DA:364,0
DA:365,0
DA:366,0
DA:368,0
DA:369,0
DA:374,0
DA:375,0
DA:377,0
DA:378,0
DA:380,0
DA:381,0
DA:386,0
DA:387,0
DA:389,0
DA:390,0
DA:392,0
DA:393,0
DA:400,0
DA:401,0
DA:402,0
DA:405,0
DA:406,0
DA:409,0
DA:410,0
DA:411,0
DA:414,0
DA:417,0
DA:420,0
LF:155
LH:0
BRDA:86,0,0,0
BRDA:86,0,1,0
BRDA:107,1,0,0
BRDA:107,1,1,0
BRDA:112,2,0,0
BRDA:112,2,1,0
BRDA:112,3,0,0
BRDA:112,3,1,0
BRDA:121,4,0,0
BRDA:121,4,1,0
BRDA:121,5,0,0
BRDA:121,5,1,0
BRDA:136,6,0,0
BRDA:136,6,1,0
BRDA:174,7,0,0
BRDA:174,7,1,0
BRDA:332,8,0,0
BRDA:332,8,1,0
BRDA:402,9,0,0
BRDA:402,9,1,0
BRF:20
BRH:0
end_of_record
TN:
SF:src\utils\auth.js
FN:2,(anonymous_0)
FN:7,(anonymous_1)
FN:12,(anonymous_2)
FN:17,(anonymous_3)
FN:22,(anonymous_4)
FN:27,(anonymous_5)
FN:32,(anonymous_6)
FNF:7
FNH:0
FNDA:0,(anonymous_0)
FNDA:0,(anonymous_1)
FNDA:0,(anonymous_2)
FNDA:0,(anonymous_3)
FNDA:0,(anonymous_4)
FNDA:0,(anonymous_5)
FNDA:0,(anonymous_6)
DA:2,0
DA:3,0
DA:7,0
DA:8,0
DA:12,0
DA:13,0
DA:17,0
DA:18,0
DA:22,0
DA:23,0
DA:27,0
DA:28,0
DA:32,0
DA:33,0
DA:34,0
LF:15
LH:0
BRF:0
BRH:0
end_of_record
TN:
SF:src\utils\constants.js
FNF:0
FNH:0
DA:2,0
DA:10,0
DA:17,0
DA:25,0
DA:32,0
DA:39,0
LF:6
LH:0
BRF:0
BRH:0
end_of_record
TN:
SF:src\views\CategoryManagement.vue
FN:5,(anonymous_0)
FN:42,(anonymous_1)
FN:47,(anonymous_2)
FN:62,(anonymous_3)
FN:65,(anonymous_4)
FN:71,(anonymous_5)
FN:76,(anonymous_6)
FN:88,(anonymous_7)
FN:92,(anonymous_8)
FN:93,(anonymous_9)
FN:121,(anonymous_10)
FN:122,(anonymous_11)
FN:171,render
FN:181,(anonymous_13)
FN:187,(anonymous_14)
FN:191,(anonymous_15)
FN:204,(anonymous_16)
FN:223,(anonymous_17)
FN:226,onClick
FN:230,(anonymous_19)
FN:238,onClick
FN:243,(anonymous_21)
FN:256,(anonymous_22)
FN:262,(anonymous_23)
FN:264,(anonymous_24)
FN:268,(anonymous_25)
FN:278,(anonymous_26)
FN:284,(anonymous_27)
FN:290,(anonymous_28)
FN:295,(anonymous_29)
FN:298,(anonymous_30)
FN:309,(anonymous_31)
FN:312,(anonymous_32)
FN:329,(anonymous_33)
FN:335,(anonymous_34)
FN:337,(anonymous_35)
FN:341,(anonymous_36)
FN:351,(anonymous_37)
FN:357,(anonymous_38)
FN:363,(anonymous_39)
FN:368,(anonymous_40)
FN:371,(anonymous_41)
FN:382,(anonymous_42)
FN:385,(anonymous_43)
FNF:44
FNH:0
FNDA:0,(anonymous_0)
FNDA:0,(anonymous_1)
FNDA:0,(anonymous_2)
FNDA:0,(anonymous_3)
FNDA:0,(anonymous_4)
FNDA:0,(anonymous_5)
FNDA:0,(anonymous_6)
FNDA:0,(anonymous_7)
FNDA:0,(anonymous_8)
FNDA:0,(anonymous_9)
FNDA:0,(anonymous_10)
FNDA:0,(anonymous_11)
FNDA:0,render
FNDA:0,(anonymous_13)
FNDA:0,(anonymous_14)
FNDA:0,(anonymous_15)
FNDA:0,(anonymous_16)
FNDA:0,(anonymous_17)
FNDA:0,onClick
FNDA:0,(anonymous_19)
FNDA:0,onClick
FNDA:0,(anonymous_21)
FNDA:0,(anonymous_22)
FNDA:0,(anonymous_23)
FNDA:0,(anonymous_24)
FNDA:0,(anonymous_25)
FNDA:0,(anonymous_26)
FNDA:0,(anonymous_27)
FNDA:0,(anonymous_28)
FNDA:0,(anonymous_29)
FNDA:0,(anonymous_30)
FNDA:0,(anonymous_31)
FNDA:0,(anonymous_32)
FNDA:0,(anonymous_33)
FNDA:0,(anonymous_34)
FNDA:0,(anonymous_35)
FNDA:0,(anonymous_36)
FNDA:0,(anonymous_37)
FNDA:0,(anonymous_38)
FNDA:0,(anonymous_39)
FNDA:0,(anonymous_40)
FNDA:0,(anonymous_41)
FNDA:0,(anonymous_42)
FNDA:0,(anonymous_43)
DA:6,0
DA:43,0
DA:48,0
DA:49,0
DA:50,0
DA:51,0
DA:54,0
DA:56,0
DA:57,0
DA:59,0
DA:63,0
DA:66,0
DA:69,0
DA:72,0
DA:77,0
DA:78,0
DA:79,0
DA:80,0
DA:83,0
DA:85,0
DA:86,0
DA:93,0
DA:94,0
DA:95,0
DA:96,0
DA:97,0
DA:98,0
DA:99,0
DA:102,0
DA:108,0
DA:111,0
DA:113,0
DA:114,0
DA:116,0
DA:122,0
DA:123,0
DA:124,0
DA:125,0
DA:126,0
DA:127,0
DA:128,0
DA:131,0
DA:134,0
DA:136,0
DA:137,0
DA:139,0
DA:146,0
DA:148,0
DA:151,0
DA:152,0
DA:153,0
DA:156,0
DA:159,0
DA:162,0
DA:165,0
DA:168,0
DA:172,0
DA:173,0
DA:174,0
DA:175,0
DA:176,0
DA:177,0
DA:178,0
DA:179,0
DA:180,0
DA:182,0
DA:188,0
DA:192,0
DA:205,0
DA:224,0
DA:227,0
DA:231,0
DA:239,0
DA:244,0
DA:257,0
DA:263,0
DA:265,0
DA:269,0
DA:279,0
DA:285,0
DA:291,0
DA:296,0
DA:299,0
DA:310,0
DA:313,0
DA:330,0
DA:336,0
DA:338,0
DA:342,0
DA:352,0
DA:358,0
DA:364,0
DA:369,0
DA:372,0
DA:383,0
DA:386,0
DA:401,0
LF:97
LH:0
BRDA:51,0,0,0
BRDA:51,0,1,0
BRDA:94,1,0,0
BRDA:94,1,1,0
BRDA:123,2,0,0
BRDA:123,2,1,0
BRDA:180,3,0,0
BRDA:180,3,1,0
BRDA:181,4,0,0
BRDA:181,4,1,0
BRDA:182,5,0,0
BRDA:182,5,1,0
BRDA:187,6,0,0
BRDA:187,6,1,0
BRDA:192,7,0,0
BRDA:192,7,1,0
BRDA:231,8,0,0
BRDA:231,8,1,0
BRDA:244,9,0,0
BRDA:244,9,1,0
BRDA:256,10,0,0
BRDA:256,10,1,0
BRDA:264,11,0,0
BRDA:264,11,1,0
BRDA:269,12,0,0
BRDA:269,12,1,0
BRDA:279,13,0,0
BRDA:279,13,1,0
BRDA:298,14,0,0
BRDA:298,14,1,0
BRDA:312,15,0,0
BRDA:312,15,1,0
BRDA:329,16,0,0
BRDA:329,16,1,0
BRDA:337,17,0,0
BRDA:337,17,1,0
BRDA:342,18,0,0
BRDA:342,18,1,0
BRDA:352,19,0,0
BRDA:352,19,1,0
BRDA:371,20,0,0
BRDA:371,20,1,0
BRDA:385,21,0,0
BRDA:385,21,1,0
BRF:44
BRH:0
end_of_record
TN:
SF:src\views\CommentManagement.vue
FN:7,(anonymous_0)
FN:49,(anonymous_1)
FN:53,(anonymous_2)
FN:66,(anonymous_3)
FN:84,(anonymous_4)
FN:94,(anonymous_5)
FN:103,(anonymous_6)
FN:106,(anonymous_7)
FN:110,(anonymous_8)
FN:114,(anonymous_9)
FN:118,(anonymous_10)
FN:125,(anonymous_11)
FN:130,(anonymous_12)
FN:139,(anonymous_13)
FN:143,(anonymous_14)
FN:144,(anonymous_15)
FN:169,(anonymous_16)
FN:176,(anonymous_17)
FN:217,render
FN:230,(anonymous_19)
FN:238,(anonymous_20)
FN:245,(anonymous_21)
FN:246,(anonymous_22)
FN:259,(anonymous_23)
FN:266,(anonymous_24)
FN:267,(anonymous_25)
FN:280,(anonymous_26)
FN:293,(anonymous_27)
FN:311,(anonymous_28)
FN:320,(anonymous_29)
FN:329,(anonymous_30)
FN:337,(anonymous_31)
FN:340,onClick
FN:344,(anonymous_33)
FN:352,onClick
FN:356,(anonymous_35)
FN:370,(anonymous_36)
FN:374,(anonymous_37)
FN:385,(anonymous_38)
FN:391,(anonymous_39)
FN:393,(anonymous_40)
FN:397,(anonymous_41)
FN:407,(anonymous_42)
FN:413,(anonymous_43)
FN:420,(anonymous_44)
FN:425,(anonymous_45)
FN:428,(anonymous_46)
FN:435,(anonymous_47)
FN:436,(anonymous_48)
FN:452,(anonymous_49)
FN:455,(anonymous_50)
FNF:51
FNH:0
FNDA:0,(anonymous_0)
FNDA:0,(anonymous_1)
FNDA:0,(anonymous_2)
FNDA:0,(anonymous_3)
FNDA:0,(anonymous_4)
FNDA:0,(anonymous_5)
FNDA:0,(anonymous_6)
FNDA:0,(anonymous_7)
FNDA:0,(anonymous_8)
FNDA:0,(anonymous_9)
FNDA:0,(anonymous_10)
FNDA:0,(anonymous_11)
FNDA:0,(anonymous_12)
FNDA:0,(anonymous_13)
FNDA:0,(anonymous_14)
FNDA:0,(anonymous_15)
FNDA:0,(anonymous_16)
FNDA:0,(anonymous_17)
FNDA:0,render
FNDA:0,(anonymous_19)
FNDA:0,(anonymous_20)
FNDA:0,(anonymous_21)
FNDA:0,(anonymous_22)
FNDA:0,(anonymous_23)
FNDA:0,(anonymous_24)
FNDA:0,(anonymous_25)
FNDA:0,(anonymous_26)
FNDA:0,(anonymous_27)
FNDA:0,(anonymous_28)
FNDA:0,(anonymous_29)
FNDA:0,(anonymous_30)
FNDA:0,(anonymous_31)
FNDA:0,onClick
FNDA:0,(anonymous_33)
FNDA:0,onClick
FNDA:0,(anonymous_35)
FNDA:0,(anonymous_36)
FNDA:0,(anonymous_37)
FNDA:0,(anonymous_38)
FNDA:0,(anonymous_39)
FNDA:0,(anonymous_40)
FNDA:0,(anonymous_41)
FNDA:0,(anonymous_42)
FNDA:0,(anonymous_43)
FNDA:0,(anonymous_44)
FNDA:0,(anonymous_45)
FNDA:0,(anonymous_46)
FNDA:0,(anonymous_47)
FNDA:0,(anonymous_48)
FNDA:0,(anonymous_49)
FNDA:0,(anonymous_50)
DA:8,0
DA:50,0
DA:54,0
DA:55,0
DA:56,0
DA:59,0
DA:60,0
DA:61,0
DA:67,0
DA:68,0
DA:69,0
DA:74,0
DA:75,0
DA:76,0
DA:78,0
DA:79,0
DA:81,0
DA:85,0
DA:86,0
DA:87,0
DA:88,0
DA:90,0
DA:91,0
DA:95,0
DA:96,0
DA:97,0
DA:99,0
DA:100,0
DA:104,0
DA:107,0
DA:108,0
DA:111,0
DA:112,0
DA:115,0
DA:116,0
DA:119,0
DA:120,0
DA:123,0
DA:126,0
DA:131,0
DA:132,0
DA:133,0
DA:134,0
DA:136,0
DA:137,0
DA:144,0
DA:145,0
DA:146,0
DA:147,0
DA:149,0
DA:150,0
DA:151,0
DA:153,0
DA:154,0
DA:156,0
DA:157,0
DA:158,0
DA:159,0
DA:161,0
DA:162,0
DA:164,0
DA:170,0
DA:177,0
DA:178,0
DA:179,0
DA:183,0
DA:185,0
DA:188,0
DA:189,0
DA:190,0
DA:193,0
DA:196,0
DA:199,0
DA:202,0
DA:205,0
DA:208,0
DA:211,0
DA:214,0
DA:218,0
DA:219,0
DA:220,0
DA:221,0
DA:222,0
DA:223,0
DA:224,0
DA:225,0
DA:226,0
DA:227,0
DA:228,0
DA:229,0
DA:231,0
DA:239,0
DA:246,0
DA:247,0
DA:260,0
DA:267,0
DA:268,0
DA:281,0
DA:294,0
DA:312,0
DA:321,0
DA:330,0
DA:338,0
DA:341,0
DA:345,0
DA:353,0
DA:357,0
DA:371,0
DA:375,0
DA:386,0
DA:392,0
DA:394,0
DA:398,0
DA:408,0
DA:414,0
DA:421,0
DA:426,0
DA:429,0
DA:436,0
DA:437,0
DA:453,0
DA:456,0
DA:471,0
LF:123
LH:0
BRDA:59,0,0,0
BRDA:59,0,1,0
BRDA:75,1,0,0
BRDA:75,1,1,0
BRDA:76,2,0,0
BRDA:76,2,1,0
BRDA:87,3,0,0
BRDA:87,3,1,0
BRDA:97,4,0,0
BRDA:97,4,1,0
BRDA:145,5,0,0
BRDA:145,5,1,0
BRDA:149,6,0,0
BRDA:149,6,1,0
BRDA:162,7,0,0
BRDA:162,7,1,0
BRDA:171,8,0,0
BRDA:171,8,1,0
BRDA:177,9,0,0
BRDA:177,9,1,0
BRDA:229,10,0,0
BRDA:229,10,1,0
BRDA:230,11,0,0
BRDA:230,11,1,0
BRDA:231,12,0,0
BRDA:231,12,1,0
BRDA:234,13,0,0
BRDA:234,13,1,0
BRDA:238,14,0,0
BRDA:238,14,1,0
BRDA:255,15,0,0
BRDA:255,15,1,0
BRDA:259,16,0,0
BRDA:259,16,1,0
BRDA:281,17,0,0
BRDA:281,17,1,0
BRDA:345,18,0,0
BRDA:345,18,1,0
BRDA:357,19,0,0
BRDA:357,19,1,0
BRDA:367,20,0,0
BRDA:367,20,1,0
BRDA:370,21,0,0
BRDA:370,21,1,0
BRDA:374,22,0,0
BRDA:374,22,1,0
BRDA:385,23,0,0
BRDA:385,23,1,0
BRDA:388,24,0,0
BRDA:388,24,1,0
BRDA:393,25,0,0
BRDA:393,25,1,0
BRDA:398,26,0,0
BRDA:398,26,1,0
BRDA:408,27,0,0
BRDA:408,27,1,0
BRDA:428,28,0,0
BRDA:428,28,1,0
BRDA:455,29,0,0
BRDA:455,29,1,0
BRF:60
BRH:0
end_of_record
TN:
SF:src\views\Home.vue
FN:65,render
FN:68,(anonymous_1)
FN:76,(anonymous_2)
FN:85,(anonymous_3)
FN:94,(anonymous_4)
FN:103,(anonymous_5)
FN:112,(anonymous_6)
FN:121,(anonymous_7)
FN:131,(anonymous_8)
FN:142,(anonymous_9)
FN:151,(anonymous_10)
FNF:11
FNH:0
FNDA:0,render
FNDA:0,(anonymous_1)
FNDA:0,(anonymous_2)
FNDA:0,(anonymous_3)
FNDA:0,(anonymous_4)
FNDA:0,(anonymous_5)
FNDA:0,(anonymous_6)
FNDA:0,(anonymous_7)
FNDA:0,(anonymous_8)
FNDA:0,(anonymous_9)
FNDA:0,(anonymous_10)
DA:4,0
DA:7,0
DA:37,0
DA:39,0
DA:42,0
DA:43,0
DA:44,0
DA:47,0
DA:50,0
DA:53,0
DA:56,0
DA:59,0
DA:62,0
DA:66,0
DA:67,0
DA:69,0
DA:77,0
DA:86,0
DA:95,0
DA:104,0
DA:113,0
DA:122,0
DA:132,0
DA:143,0
DA:152,0
DA:157,0
LF:26
LH:0
BRDA:67,0,0,0
BRDA:67,0,1,0
BRDA:68,1,0,0
BRDA:68,1,1,0
BRDA:69,2,0,0
BRDA:69,2,1,0
BRDA:77,3,0,0
BRDA:77,3,1,0
BRDA:86,4,0,0
BRDA:86,4,1,0
BRDA:95,5,0,0
BRDA:95,5,1,0
BRDA:104,6,0,0
BRDA:104,6,1,0
BRDA:113,7,0,0
BRDA:113,7,1,0
BRDA:122,8,0,0
BRDA:122,8,1,0
BRDA:126,9,0,0
BRDA:126,9,1,0
BRDA:132,10,0,0
BRDA:132,10,1,0
BRDA:136,11,0,0
BRDA:136,11,1,0
BRDA:138,12,0,0
BRDA:138,12,1,0
BRDA:143,13,0,0
BRDA:143,13,1,0
BRDA:152,14,0,0
BRDA:152,14,1,0
BRF:30
BRH:0
end_of_record
TN:
SF:src\views\Login.vue
FN:114,render
FN:117,(anonymous_1)
FN:125,(anonymous_2)
FN:135,(anonymous_3)
FN:147,(anonymous_4)
FNF:5
FNH:0
FNDA:0,render
FNDA:0,(anonymous_1)
FNDA:0,(anonymous_2)
FNDA:0,(anonymous_3)
FNDA:0,(anonymous_4)
DA:4,0
DA:7,0
DA:87,0
DA:89,0
DA:92,0
DA:93,0
DA:94,0
DA:97,0
DA:100,0
DA:103,0
DA:106,0
DA:107,0
DA:110,0
DA:115,0
DA:116,0
DA:118,0
DA:126,0
DA:136,0
DA:148,0
DA:153,0
LF:20
LH:0
BRDA:116,0,0,0
BRDA:116,0,1,0
BRDA:117,1,0,0
BRDA:117,1,1,0
BRDA:118,2,0,0
BRDA:118,2,1,0
BRDA:120,3,0,0
BRDA:120,3,1,0
BRDA:125,4,0,0
BRDA:125,4,1,0
BRDA:130,5,0,0
BRDA:130,5,1,0
BRDA:135,6,0,0
BRDA:135,6,1,0
BRDA:144,7,0,0
BRDA:144,7,1,0
BRDA:144,8,0,0
BRDA:144,8,1,0
BRDA:148,9,0,0
BRDA:148,9,1,0
BRDA:152,10,0,0
BRDA:152,10,1,0
BRF:22
BRH:0
end_of_record
TN:
SF:src\views\Register.vue
FN:99,render
FN:102,(anonymous_1)
FN:110,(anonymous_2)
FN:120,(anonymous_3)
FN:130,(anonymous_4)
FN:141,(anonymous_5)
FN:153,(anonymous_6)
FNF:7
FNH:0
FNDA:0,render
FNDA:0,(anonymous_1)
FNDA:0,(anonymous_2)
FNDA:0,(anonymous_3)
FNDA:0,(anonymous_4)
FNDA:0,(anonymous_5)
FNDA:0,(anonymous_6)
DA:4,0
DA:7,0
DA:62,0
DA:64,0
DA:67,0
DA:68,0
DA:69,0
DA:72,0
DA:75,0
DA:78,0
DA:81,0
DA:84,0
DA:87,0
DA:88,0
DA:91,0
DA:95,0
DA:100,0
DA:101,0
DA:103,0
DA:111,0
DA:121,0
DA:131,0
DA:142,0
DA:154,0
DA:159,0
LF:25
LH:0
BRDA:101,0,0,0
BRDA:101,0,1,0
BRDA:102,1,0,0
BRDA:102,1,1,0
BRDA:103,2,0,0
BRDA:103,2,1,0
BRDA:105,3,0,0
BRDA:105,3,1,0
BRDA:110,4,0,0
BRDA:110,4,1,0
BRDA:115,5,0,0
BRDA:115,5,1,0
BRDA:120,6,0,0
BRDA:120,6,1,0
BRDA:125,7,0,0
BRDA:125,7,1,0
BRDA:130,8,0,0
BRDA:130,8,1,0
BRDA:136,9,0,0
BRDA:136,9,1,0
BRDA:141,10,0,0
BRDA:141,10,1,0
BRDA:150,11,0,0
BRDA:150,11,1,0
BRDA:150,12,0,0
BRDA:150,12,1,0
BRDA:154,13,0,0
BRDA:154,13,1,0
BRDA:158,14,0,0
BRDA:158,14,1,0
BRDA:158,15,0,0
BRDA:158,15,1,0
BRF:32
BRH:0
end_of_record
TN:
SF:src\views\ReminderManagement.vue
FN:5,(anonymous_0)
FN:58,(anonymous_1)
FN:62,(anonymous_2)
FN:74,(anonymous_3)
FN:92,(anonymous_4)
FN:102,(anonymous_5)
FN:105,(anonymous_6)
FN:109,(anonymous_7)
FN:113,(anonymous_8)
FN:117,(anonymous_9)
FN:124,(anonymous_10)
FN:129,(anonymous_11)
FN:138,(anonymous_12)
FN:142,(anonymous_13)
FN:157,(anonymous_14)
FN:158,(anonymous_15)
FN:192,(anonymous_16)
FN:202,(anonymous_17)
FN:207,(anonymous_18)
FN:252,render
FN:267,(anonymous_20)
FN:275,(anonymous_21)
FN:282,(anonymous_22)
FN:283,(anonymous_23)
FN:296,(anonymous_24)
FN:302,(anonymous_25)
FN:316,(anonymous_26)
FN:329,(anonymous_27)
FN:343,(anonymous_28)
FN:352,(anonymous_29)
FN:361,(anonymous_30)
FN:370,(anonymous_31)
FN:374,(anonymous_32)
FN:385,(anonymous_33)
FN:388,onClick
FN:393,(anonymous_35)
FN:399,onClick
FN:403,(anonymous_37)
FN:411,onClick
FN:415,(anonymous_39)
FN:429,(anonymous_40)
FN:433,(anonymous_41)
FN:444,(anonymous_42)
FN:450,(anonymous_43)
FN:452,(anonymous_44)
FN:456,(anonymous_45)
FN:466,(anonymous_46)
FN:472,(anonymous_47)
FN:479,(anonymous_48)
FN:484,(anonymous_49)
FN:487,(anonymous_50)
FN:494,(anonymous_51)
FN:495,(anonymous_52)
FN:511,(anonymous_53)
FN:514,(anonymous_54)
FN:528,(anonymous_55)
FN:531,(anonymous_56)
FN:536,(anonymous_57)
FN:559,(anonymous_58)
FN:562,(anonymous_59)
FN:567,(anonymous_60)
FN:587,(anonymous_61)
FN:590,(anonymous_62)
FNF:63
FNH:0
FNDA:0,(anonymous_0)
FNDA:0,(anonymous_1)
FNDA:0,(anonymous_2)
FNDA:0,(anonymous_3)
FNDA:0,(anonymous_4)
FNDA:0,(anonymous_5)
FNDA:0,(anonymous_6)
FNDA:0,(anonymous_7)
FNDA:0,(anonymous_8)
FNDA:0,(anonymous_9)
FNDA:0,(anonymous_10)
FNDA:0,(anonymous_11)
FNDA:0,(anonymous_12)
FNDA:0,(anonymous_13)
FNDA:0,(anonymous_14)
FNDA:0,(anonymous_15)
FNDA:0,(anonymous_16)
FNDA:0,(anonymous_17)
FNDA:0,(anonymous_18)
FNDA:0,render
FNDA:0,(anonymous_20)
FNDA:0,(anonymous_21)
FNDA:0,(anonymous_22)
FNDA:0,(anonymous_23)
FNDA:0,(anonymous_24)
FNDA:0,(anonymous_25)
FNDA:0,(anonymous_26)
FNDA:0,(anonymous_27)
FNDA:0,(anonymous_28)
FNDA:0,(anonymous_29)
FNDA:0,(anonymous_30)
FNDA:0,(anonymous_31)
FNDA:0,(anonymous_32)
FNDA:0,(anonymous_33)
FNDA:0,onClick
FNDA:0,(anonymous_35)
FNDA:0,onClick
FNDA:0,(anonymous_37)
FNDA:0,onClick
FNDA:0,(anonymous_39)
FNDA:0,(anonymous_40)
FNDA:0,(anonymous_41)
FNDA:0,(anonymous_42)
FNDA:0,(anonymous_43)
FNDA:0,(anonymous_44)
FNDA:0,(anonymous_45)
FNDA:0,(anonymous_46)
FNDA:0,(anonymous_47)
FNDA:0,(anonymous_48)
FNDA:0,(anonymous_49)
FNDA:0,(anonymous_50)
FNDA:0,(anonymous_51)
FNDA:0,(anonymous_52)
FNDA:0,(anonymous_53)
FNDA:0,(anonymous_54)
FNDA:0,(anonymous_55)
FNDA:0,(anonymous_56)
FNDA:0,(anonymous_57)
FNDA:0,(anonymous_58)
FNDA:0,(anonymous_59)
FNDA:0,(anonymous_60)
FNDA:0,(anonymous_61)
FNDA:0,(anonymous_62)
DA:6,0
DA:59,0
DA:63,0
DA:64,0
DA:67,0
DA:68,0
DA:69,0
DA:75,0
DA:76,0
DA:77,0
DA:82,0
DA:84,0
DA:86,0
DA:87,0
DA:89,0
DA:93,0
DA:94,0
DA:95,0
DA:96,0
DA:98,0
DA:99,0
DA:103,0
DA:106,0
DA:107,0
DA:110,0
DA:111,0
DA:114,0
DA:115,0
DA:118,0
DA:119,0
DA:122,0
DA:125,0
DA:130,0
DA:131,0
DA:132,0
DA:133,0
DA:135,0
DA:136,0
DA:143,0
DA:144,0
DA:145,0
DA:146,0
DA:148,0
DA:149,0
DA:151,0
DA:153,0
DA:154,0
DA:158,0
DA:159,0
DA:160,0
DA:161,0
DA:163,0
DA:164,0
DA:168,0
DA:170,0
DA:171,0
DA:173,0
DA:174,0
DA:175,0
DA:182,0
DA:184,0
DA:185,0
DA:187,0
DA:193,0
DA:203,0
DA:204,0
DA:205,0
DA:208,0
DA:210,0
DA:212,0
DA:214,0
DA:216,0
DA:221,0
DA:223,0
DA:226,0
DA:227,0
DA:228,0
DA:231,0
DA:234,0
DA:237,0
DA:240,0
DA:243,0
DA:246,0
DA:249,0
DA:253,0
DA:254,0
DA:255,0
DA:256,0
DA:257,0
DA:258,0
DA:259,0
DA:260,0
DA:261,0
DA:262,0
DA:263,0
DA:264,0
DA:265,0
DA:266,0
DA:268,0
DA:276,0
DA:283,0
DA:284,0
DA:297,0
DA:303,0
DA:317,0
DA:330,0
DA:344,0
DA:353,0
DA:362,0
DA:371,0
DA:375,0
DA:386,0
DA:389,0
DA:394,0
DA:400,0
DA:404,0
DA:412,0
DA:416,0
DA:430,0
DA:434,0
DA:445,0
DA:451,0
DA:453,0
DA:457,0
DA:467,0
DA:473,0
DA:480,0
DA:485,0
DA:488,0
DA:495,0
DA:496,0
DA:512,0
DA:515,0
DA:529,0
DA:532,0
DA:537,0
DA:560,0
DA:563,0
DA:568,0
DA:588,0
DA:591,0
DA:603,0
LF:142
LH:0
BRDA:67,0,0,0
BRDA:67,0,1,0
BRDA:95,1,0,0
BRDA:95,1,1,0
BRDA:144,2,0,0
BRDA:144,2,1,0
BRDA:159,3,0,0
BRDA:159,3,1,0
BRDA:163,4,0,0
BRDA:163,4,1,0
BRDA:194,5,0,0
BRDA:194,5,1,0
BRDA:203,6,0,0
BRDA:203,6,1,0
BRDA:208,7,0,0
BRDA:208,7,1,0
BRDA:208,7,2,0
BRDA:208,7,3,0
BRDA:266,8,0,0
BRDA:266,8,1,0
BRDA:267,9,0,0
BRDA:267,9,1,0
BRDA:268,10,0,0
BRDA:268,10,1,0
BRDA:271,11,0,0
BRDA:271,11,1,0
BRDA:275,12,0,0
BRDA:275,12,1,0
BRDA:292,13,0,0
BRDA:292,13,1,0
BRDA:296,14,0,0
BRDA:296,14,1,0
BRDA:317,15,0,0
BRDA:317,15,1,0
BRDA:372,16,0,0
BRDA:372,16,1,0
BRDA:375,17,0,0
BRDA:375,17,1,0
BRDA:391,18,0,0
BRDA:391,18,1,0
BRDA:394,19,0,0
BRDA:394,19,1,0
BRDA:404,20,0,0
BRDA:404,20,1,0
BRDA:416,21,0,0
BRDA:416,21,1,0
BRDA:426,22,0,0
BRDA:426,22,1,0
BRDA:429,23,0,0
BRDA:429,23,1,0
BRDA:433,24,0,0
BRDA:433,24,1,0
BRDA:444,25,0,0
BRDA:444,25,1,0
BRDA:447,26,0,0
BRDA:447,26,1,0
BRDA:452,27,0,0
BRDA:452,27,1,0
BRDA:457,28,0,0
BRDA:457,28,1,0
BRDA:467,29,0,0
BRDA:467,29,1,0
BRDA:487,30,0,0
BRDA:487,30,1,0
BRDA:514,31,0,0
BRDA:514,31,1,0
BRDA:531,32,0,0
BRDA:531,32,1,0
BRDA:562,33,0,0
BRDA:562,33,1,0
BRDA:590,34,0,0
BRDA:590,34,1,0
BRF:72
BRH:0
end_of_record
TN:
SF:src\views\Settings.vue
FN:337,render
FN:341,(anonymous_1)
FN:347,(anonymous_2)
FN:352,(anonymous_3)
FN:357,(anonymous_4)
FN:359,(anonymous_5)
FN:367,(anonymous_6)
FN:376,(anonymous_7)
FN:385,(anonymous_8)
FN:393,(anonymous_9)
FN:409,(anonymous_10)
FN:411,(anonymous_11)
FN:416,(anonymous_12)
FN:423,(anonymous_13)
FN:430,(anonymous_14)
FN:440,(anonymous_15)
FN:446,(anonymous_16)
FN:453,(anonymous_17)
FN:460,(anonymous_18)
FN:472,(anonymous_19)
FN:482,(anonymous_20)
FN:484,(anonymous_21)
FN:489,(anonymous_22)
FN:495,(anonymous_23)
FN:502,(anonymous_24)
FN:509,(anonymous_25)
FN:525,(anonymous_26)
FN:527,(anonymous_27)
FN:535,(anonymous_28)
FN:544,(anonymous_29)
FN:554,(anonymous_30)
FN:563,(anonymous_31)
FNF:32
FNH:0
FNDA:0,render
FNDA:0,(anonymous_1)
FNDA:0,(anonymous_2)
FNDA:0,(anonymous_3)
FNDA:0,(anonymous_4)
FNDA:0,(anonymous_5)
FNDA:0,(anonymous_6)
FNDA:0,(anonymous_7)
FNDA:0,(anonymous_8)
FNDA:0,(anonymous_9)
FNDA:0,(anonymous_10)
FNDA:0,(anonymous_11)
FNDA:0,(anonymous_12)
FNDA:0,(anonymous_13)
FNDA:0,(anonymous_14)
FNDA:0,(anonymous_15)
FNDA:0,(anonymous_16)
FNDA:0,(anonymous_17)
FNDA:0,(anonymous_18)
FNDA:0,(anonymous_19)
FNDA:0,(anonymous_20)
FNDA:0,(anonymous_21)
FNDA:0,(anonymous_22)
FNDA:0,(anonymous_23)
FNDA:0,(anonymous_24)
FNDA:0,(anonymous_25)
FNDA:0,(anonymous_26)
FNDA:0,(anonymous_27)
FNDA:0,(anonymous_28)
FNDA:0,(anonymous_29)
FNDA:0,(anonymous_30)
FNDA:0,(anonymous_31)
DA:4,0
DA:7,0
DA:239,0
DA:241,0
DA:244,0
DA:245,0
DA:246,0
DA:249,0
DA:252,0
DA:255,0
DA:258,0
DA:261,0
DA:262,0
DA:265,0
DA:266,0
DA:269,0
DA:270,0
DA:273,0
DA:274,0
DA:275,0
DA:278,0
DA:281,0
DA:284,0
DA:285,0
DA:286,0
DA:287,0
DA:290,0
DA:291,0
DA:294,0
DA:297,0
DA:298,0
DA:299,0
DA:300,0
DA:301,0
DA:304,0
DA:307,0
DA:310,0
DA:311,0
DA:314,0
DA:317,0
DA:318,0
DA:319,0
DA:320,0
DA:321,0
DA:324,0
DA:327,0
DA:330,0
DA:333,0
DA:334,0
DA:338,0
DA:339,0
DA:340,0
DA:342,0
DA:348,0
DA:353,0
DA:358,0
DA:360,0
DA:368,0
DA:377,0
DA:386,0
DA:394,0
DA:410,0
DA:412,0
DA:417,0
DA:424,0
DA:431,0
DA:441,0
DA:447,0
DA:454,0
DA:461,0
DA:473,0
DA:483,0
DA:485,0
DA:490,0
DA:496,0
DA:503,0
DA:510,0
DA:526,0
DA:528,0
DA:536,0
DA:545,0
DA:555,0
DA:564,0
DA:577,0
LF:84
LH:0
BRDA:340,0,0,0
BRDA:340,0,1,0
BRDA:341,1,0,0
BRDA:341,1,1,0
BRDA:342,2,0,0
BRDA:342,2,1,0
BRDA:347,3,0,0
BRDA:347,3,1,0
BRDA:358,4,0,0
BRDA:358,4,1,0
BRDA:359,5,0,0
BRDA:359,5,1,0
BRDA:360,6,0,0
BRDA:360,6,1,0
BRDA:362,7,0,0
BRDA:362,7,1,0
BRDA:367,8,0,0
BRDA:367,8,1,0
BRDA:371,9,0,0
BRDA:371,9,1,0
BRDA:376,10,0,0
BRDA:376,10,1,0
BRDA:380,11,0,0
BRDA:380,11,1,0
BRDA:385,12,0,0
BRDA:385,12,1,0
BRDA:389,13,0,0
BRDA:389,13,1,0
BRDA:393,14,0,0
BRDA:393,14,1,0
BRDA:402,15,0,0
BRDA:402,15,1,0
BRDA:410,16,0,0
BRDA:410,16,1,0
BRDA:411,17,0,0
BRDA:411,17,1,0
BRDA:412,18,0,0
BRDA:412,18,1,0
BRDA:414,19,0,0
BRDA:414,19,1,0
BRDA:416,20,0,0
BRDA:416,20,1,0
BRDA:421,21,0,0
BRDA:421,21,1,0
BRDA:423,22,0,0
BRDA:423,22,1,0
BRDA:428,23,0,0
BRDA:428,23,1,0
BRDA:430,24,0,0
BRDA:430,24,1,0
BRDA:435,25,0,0
BRDA:435,25,1,0
BRDA:435,26,0,0
BRDA:435,26,1,0
BRDA:440,27,0,0
BRDA:440,27,1,0
BRDA:444,28,0,0
BRDA:444,28,1,0
BRDA:446,29,0,0
BRDA:446,29,1,0
BRDA:451,30,0,0
BRDA:451,30,1,0
BRDA:453,31,0,0
BRDA:453,31,1,0
BRDA:458,32,0,0
BRDA:458,32,1,0
BRDA:460,33,0,0
BRDA:460,33,1,0
BRDA:465,34,0,0
BRDA:465,34,1,0
BRDA:469,35,0,0
BRDA:469,35,1,0
BRDA:472,36,0,0
BRDA:472,36,1,0
BRDA:473,37,0,0
BRDA:473,37,1,0
BRDA:483,38,0,0
BRDA:483,38,1,0
BRDA:484,39,0,0
BRDA:484,39,1,0
BRDA:485,40,0,0
BRDA:485,40,1,0
BRDA:489,41,0,0
BRDA:489,41,1,0
BRDA:493,42,0,0
BRDA:493,42,1,0
BRDA:493,43,0,0
BRDA:493,43,1,0
BRDA:495,44,0,0
BRDA:495,44,1,0
BRDA:500,45,0,0
BRDA:500,45,1,0
BRDA:502,46,0,0
BRDA:502,46,1,0
BRDA:507,47,0,0
BRDA:507,47,1,0
BRDA:509,48,0,0
BRDA:509,48,1,0
BRDA:514,49,0,0
BRDA:514,49,1,0
BRDA:518,50,0,0
BRDA:518,50,1,0
BRDA:526,51,0,0
BRDA:526,51,1,0
BRDA:527,52,0,0
BRDA:527,52,1,0
BRDA:528,53,0,0
BRDA:528,53,1,0
BRDA:530,54,0,0
BRDA:530,54,1,0
BRDA:535,55,0,0
BRDA:535,55,1,0
BRDA:539,56,0,0
BRDA:539,56,1,0
BRDA:544,57,0,0
BRDA:544,57,1,0
BRDA:549,58,0,0
BRDA:549,58,1,0
BRDA:554,59,0,0
BRDA:554,59,1,0
BRDA:562,60,0,0
BRDA:562,60,1,0
BRDA:562,61,0,0
BRDA:562,61,1,0
BRDA:563,62,0,0
BRDA:563,62,1,0
BRDA:564,63,0,0
BRDA:564,63,1,0
BRDA:573,64,0,0
BRDA:573,64,1,0
BRF:130
BRH:0
end_of_record
TN:
SF:src\views\Statistics.vue
FN:5,(anonymous_0)
FN:25,(anonymous_1)
FN:36,(anonymous_2)
FN:52,(anonymous_3)
FN:55,(anonymous_4)
FN:74,(anonymous_5)
FN:85,(anonymous_6)
FN:93,(anonymous_7)
FN:149,(anonymous_8)
FN:205,(anonymous_9)
FN:217,(anonymous_10)
FN:218,(anonymous_11)
FN:219,(anonymous_12)
FN:255,(anonymous_13)
FN:267,(anonymous_14)
FN:268,(anonymous_15)
FN:381,render
FN:389,(anonymous_17)
FN:396,(anonymous_18)
FN:400,(anonymous_19)
FN:409,(anonymous_20)
FN:418,(anonymous_21)
FN:427,(anonymous_22)
FN:439,(anonymous_23)
FN:443,(anonymous_24)
FN:450,(anonymous_25)
FN:463,(anonymous_26)
FN:467,(anonymous_27)
FN:474,(anonymous_28)
FN:495,(anonymous_29)
FN:513,(anonymous_30)
FNF:31
FNH:0
FNDA:0,(anonymous_0)
FNDA:0,(anonymous_1)
FNDA:0,(anonymous_2)
FNDA:0,(anonymous_3)
FNDA:0,(anonymous_4)
FNDA:0,(anonymous_5)
FNDA:0,(anonymous_6)
FNDA:0,(anonymous_7)
FNDA:0,(anonymous_8)
FNDA:0,(anonymous_9)
FNDA:0,(anonymous_10)
FNDA:0,(anonymous_11)
FNDA:0,(anonymous_12)
FNDA:0,(anonymous_13)
FNDA:0,(anonymous_14)
FNDA:0,(anonymous_15)
FNDA:0,render
FNDA:0,(anonymous_17)
FNDA:0,(anonymous_18)
FNDA:0,(anonymous_19)
FNDA:0,(anonymous_20)
FNDA:0,(anonymous_21)
FNDA:0,(anonymous_22)
FNDA:0,(anonymous_23)
FNDA:0,(anonymous_24)
FNDA:0,(anonymous_25)
FNDA:0,(anonymous_26)
FNDA:0,(anonymous_27)
FNDA:0,(anonymous_28)
FNDA:0,(anonymous_29)
FNDA:0,(anonymous_30)
DA:6,0
DA:27,0
DA:28,0
DA:29,0
DA:31,0
DA:32,0
DA:34,0
DA:38,0
DA:39,0
DA:41,0
DA:42,0
DA:44,0
DA:45,0
DA:47,0
DA:48,0
DA:53,0
DA:56,0
DA:57,0
DA:58,0
DA:59,0
DA:62,0
DA:70,0
DA:73,0
DA:74,0
DA:75,0
DA:79,0
DA:80,0
DA:82,0
DA:87,0
DA:88,0
DA:89,0
DA:90,0
DA:91,0
DA:94,0
DA:97,0
DA:98,0
DA:102,0
DA:103,0
DA:147,0
DA:150,0
DA:153,0
DA:154,0
DA:158,0
DA:159,0
DA:203,0
DA:206,0
DA:209,0
DA:210,0
DA:214,0
DA:217,0
DA:218,0
DA:219,0
DA:220,0
DA:253,0
DA:256,0
DA:259,0
DA:260,0
DA:264,0
DA:267,0
DA:268,0
DA:269,0
DA:296,0
DA:300,0
DA:302,0
DA:305,0
DA:306,0
DA:307,0
DA:310,0
DA:313,0
DA:316,0
DA:319,0
DA:322,0
DA:325,0
DA:328,0
DA:331,0
DA:334,0
DA:337,0
DA:340,0
DA:343,0
DA:347,0
DA:350,0
DA:354,0
DA:357,0
DA:361,0
DA:364,0
DA:368,0
DA:371,0
DA:375,0
DA:378,0
DA:382,0
DA:383,0
DA:384,0
DA:385,0
DA:386,0
DA:387,0
DA:388,0
DA:390,0
DA:397,0
DA:401,0
DA:410,0
DA:419,0
DA:428,0
DA:440,0
DA:444,0
DA:451,0
DA:464,0
DA:468,0
DA:475,0
DA:496,0
DA:514,0
DA:533,0
LF:111
LH:0
BRDA:38,0,0,0
BRDA:38,0,1,0
BRDA:41,1,0,0
BRDA:41,1,1,0
BRDA:44,2,0,0
BRDA:44,2,1,0
BRDA:47,3,0,0
BRDA:47,3,1,0
BRDA:63,4,0,0
BRDA:63,4,1,0
BRDA:64,5,0,0
BRDA:64,5,1,0
BRDA:65,6,0,0
BRDA:65,6,1,0
BRDA:66,7,0,0
BRDA:66,7,1,0
BRDA:70,8,0,0
BRDA:70,8,1,0
BRDA:73,9,0,0
BRDA:73,9,1,0
BRDA:94,10,0,0
BRDA:94,10,1,0
BRDA:97,11,0,0
BRDA:97,11,1,0
BRDA:136,12,0,0
BRDA:136,12,1,0
BRDA:139,13,0,0
BRDA:139,13,1,0
BRDA:142,14,0,0
BRDA:142,14,1,0
BRDA:150,15,0,0
BRDA:150,15,1,0
BRDA:153,16,0,0
BRDA:153,16,1,0
BRDA:192,17,0,0
BRDA:192,17,1,0
BRDA:195,18,0,0
BRDA:195,18,1,0
BRDA:198,19,0,0
BRDA:198,19,1,0
BRDA:206,20,0,0
BRDA:206,20,1,0
BRDA:206,21,0,0
BRDA:206,21,1,0
BRDA:209,22,0,0
BRDA:209,22,1,0
BRDA:256,23,0,0
BRDA:256,23,1,0
BRDA:256,24,0,0
BRDA:256,24,1,0
BRDA:259,25,0,0
BRDA:259,25,1,0
BRDA:267,26,0,0
BRDA:267,26,1,0
BRDA:268,27,0,0
BRDA:268,27,1,0
BRDA:388,28,0,0
BRDA:388,28,1,0
BRDA:389,29,0,0
BRDA:389,29,1,0
BRDA:390,30,0,0
BRDA:390,30,1,0
BRDA:401,31,0,0
BRDA:401,31,1,0
BRDA:410,32,0,0
BRDA:410,32,1,0
BRDA:419,33,0,0
BRDA:419,33,1,0
BRDA:428,34,0,0
BRDA:428,34,1,0
BRDA:436,35,0,0
BRDA:436,35,1,0
BRDA:444,36,0,0
BRDA:444,36,1,0
BRDA:451,37,0,0
BRDA:451,37,1,0
BRDA:468,38,0,0
BRDA:468,38,1,0
BRDA:475,39,0,0
BRDA:475,39,1,0
BRDA:488,40,0,0
BRDA:488,40,1,0
BRF:82
BRH:0
end_of_record
TN:
SF:src\views\TaskCollaboration.vue
FN:5,(anonymous_0)
FN:35,(anonymous_1)
FN:41,(anonymous_2)
FN:44,(anonymous_3)
FN:46,(anonymous_4)
FN:48,(anonymous_5)
FN:61,(anonymous_6)
FN:62,(anonymous_7)
FN:85,(anonymous_8)
FN:90,(anonymous_9)
FN:99,(anonymous_10)
FN:103,(anonymous_11)
FN:110,(anonymous_12)
FN:115,(anonymous_13)
FN:127,(anonymous_14)
FN:139,(anonymous_15)
FN:151,(anonymous_16)
FN:163,(anonymous_17)
FN:201,render
FN:215,(anonymous_19)
FN:222,(anonymous_20)
FN:229,(anonymous_21)
FN:236,(anonymous_22)
FN:247,(anonymous_23)
FN:254,(anonymous_24)
FN:258,(anonymous_25)
FN:269,(anonymous_26)
FN:283,(anonymous_27)
FN:292,(anonymous_28)
FN:300,(anonymous_29)
FN:304,onClick
FN:309,(anonymous_31)
FN:325,(anonymous_32)
FN:331,(anonymous_33)
FN:333,(anonymous_34)
FN:337,(anonymous_35)
FN:347,(anonymous_36)
FN:353,(anonymous_37)
FN:359,(anonymous_38)
FN:364,(anonymous_39)
FN:367,(anonymous_40)
FN:378,(anonymous_41)
FN:381,(anonymous_42)
FN:386,(anonymous_43)
FNF:44
FNH:0
FNDA:0,(anonymous_0)
FNDA:0,(anonymous_1)
FNDA:0,(anonymous_2)
FNDA:0,(anonymous_3)
FNDA:0,(anonymous_4)
FNDA:0,(anonymous_5)
FNDA:0,(anonymous_6)
FNDA:0,(anonymous_7)
FNDA:0,(anonymous_8)
FNDA:0,(anonymous_9)
FNDA:0,(anonymous_10)
FNDA:0,(anonymous_11)
FNDA:0,(anonymous_12)
FNDA:0,(anonymous_13)
FNDA:0,(anonymous_14)
FNDA:0,(anonymous_15)
FNDA:0,(anonymous_16)
FNDA:0,(anonymous_17)
FNDA:0,render
FNDA:0,(anonymous_19)
FNDA:0,(anonymous_20)
FNDA:0,(anonymous_21)
FNDA:0,(anonymous_22)
FNDA:0,(anonymous_23)
FNDA:0,(anonymous_24)
FNDA:0,(anonymous_25)
FNDA:0,(anonymous_26)
FNDA:0,(anonymous_27)
FNDA:0,(anonymous_28)
FNDA:0,(anonymous_29)
FNDA:0,onClick
FNDA:0,(anonymous_31)
FNDA:0,(anonymous_32)
FNDA:0,(anonymous_33)
FNDA:0,(anonymous_34)
FNDA:0,(anonymous_35)
FNDA:0,(anonymous_36)
FNDA:0,(anonymous_37)
FNDA:0,(anonymous_38)
FNDA:0,(anonymous_39)
FNDA:0,(anonymous_40)
FNDA:0,(anonymous_41)
FNDA:0,(anonymous_42)
FNDA:0,(anonymous_43)
DA:6,0
DA:36,0
DA:37,0
DA:38,0
DA:42,0
DA:46,0
DA:49,0
DA:50,0
DA:51,0
DA:52,0
DA:53,0
DA:55,0
DA:56,0
DA:58,0
DA:62,0
DA:63,0
DA:64,0
DA:65,0
DA:66,0
DA:71,0
DA:72,0
DA:73,0
DA:74,0
DA:75,0
DA:77,0
DA:78,0
DA:80,0
DA:86,0
DA:91,0
DA:92,0
DA:93,0
DA:94,0
DA:96,0
DA:97,0
DA:104,0
DA:111,0
DA:112,0
DA:113,0
DA:116,0
DA:118,0
DA:120,0
DA:122,0
DA:124,0
DA:128,0
DA:130,0
DA:132,0
DA:134,0
DA:136,0
DA:140,0
DA:142,0
DA:144,0
DA:146,0
DA:148,0
DA:152,0
DA:154,0
DA:156,0
DA:158,0
DA:160,0
DA:164,0
DA:166,0
DA:168,0
DA:170,0
DA:175,0
DA:177,0
DA:180,0
DA:181,0
DA:182,0
DA:185,0
DA:188,0
DA:191,0
DA:194,0
DA:198,0
DA:202,0
DA:203,0
DA:204,0
DA:205,0
DA:206,0
DA:207,0
DA:208,0
DA:209,0
DA:210,0
DA:211,0
DA:212,0
DA:213,0
DA:214,0
DA:216,0
DA:223,0
DA:230,0
DA:237,0
DA:248,0
DA:255,0
DA:259,0
DA:270,0
DA:284,0
DA:293,0
DA:301,0
DA:305,0
DA:310,0
DA:326,0
DA:332,0
DA:334,0
DA:338,0
DA:348,0
DA:354,0
DA:360,0
DA:365,0
DA:368,0
DA:379,0
DA:382,0
DA:387,0
DA:406,0
LF:111
LH:0
BRDA:49,0,0,0
BRDA:49,0,1,0
BRDA:53,1,0,0
BRDA:53,1,1,0
BRDA:63,2,0,0
BRDA:63,2,1,0
BRDA:111,3,0,0
BRDA:111,3,1,0
BRDA:116,4,0,0
BRDA:116,4,1,0
BRDA:116,4,2,0
BRDA:116,4,3,0
BRDA:128,5,0,0
BRDA:128,5,1,0
BRDA:128,5,2,0
BRDA:128,5,3,0
BRDA:140,6,0,0
BRDA:140,6,1,0
BRDA:140,6,2,0
BRDA:140,6,3,0
BRDA:152,7,0,0
BRDA:152,7,1,0
BRDA:152,7,2,0
BRDA:152,7,3,0
BRDA:164,8,0,0
BRDA:164,8,1,0
BRDA:164,8,2,0
BRDA:214,9,0,0
BRDA:214,9,1,0
BRDA:215,10,0,0
BRDA:215,10,1,0
BRDA:216,11,0,0
BRDA:216,11,1,0
BRDA:223,12,0,0
BRDA:223,12,1,0
BRDA:226,13,0,0
BRDA:226,13,1,0
BRDA:248,14,0,0
BRDA:248,14,1,0
BRDA:254,15,0,0
BRDA:254,15,1,0
BRDA:259,16,0,0
BRDA:259,16,1,0
BRDA:310,17,0,0
BRDA:310,17,1,0
BRDA:325,18,0,0
BRDA:325,18,1,0
BRDA:333,19,0,0
BRDA:333,19,1,0
BRDA:338,20,0,0
BRDA:338,20,1,0
BRDA:348,21,0,0
BRDA:348,21,1,0
BRDA:367,22,0,0
BRDA:367,22,1,0
BRDA:381,23,0,0
BRDA:381,23,1,0
BRF:57
BRH:0
end_of_record
TN:
SF:src\views\TaskCreate.vue
FN:145,render
FN:155,(anonymous_1)
FN:166,(anonymous_2)
FN:171,(anonymous_3)
FN:174,(anonymous_4)
FN:185,(anonymous_5)
FN:188,(anonymous_6)
FN:201,(anonymous_7)
FN:204,(anonymous_8)
FN:218,(anonymous_9)
FN:221,(anonymous_10)
FN:226,(anonymous_11)
FN:246,(anonymous_12)
FN:249,(anonymous_13)
FN:255,(anonymous_14)
FN:256,(anonymous_15)
FN:272,(anonymous_16)
FN:275,(anonymous_17)
FN:282,(anonymous_18)
FN:288,(anonymous_19)
FN:295,(anonymous_20)
FNF:21
FNH:0
FNDA:0,render
FNDA:0,(anonymous_1)
FNDA:0,(anonymous_2)
FNDA:0,(anonymous_3)
FNDA:0,(anonymous_4)
FNDA:0,(anonymous_5)
FNDA:0,(anonymous_6)
FNDA:0,(anonymous_7)
FNDA:0,(anonymous_8)
FNDA:0,(anonymous_9)
FNDA:0,(anonymous_10)
FNDA:0,(anonymous_11)
FNDA:0,(anonymous_12)
FNDA:0,(anonymous_13)
FNDA:0,(anonymous_14)
FNDA:0,(anonymous_15)
FNDA:0,(anonymous_16)
FNDA:0,(anonymous_17)
FNDA:0,(anonymous_18)
FNDA:0,(anonymous_19)
FNDA:0,(anonymous_20)
DA:4,0
DA:7,0
DA:126,0
DA:128,0
DA:131,0
DA:132,0
DA:133,0
DA:136,0
DA:139,0
DA:142,0
DA:146,0
DA:147,0
DA:148,0
DA:149,0
DA:150,0
DA:151,0
DA:152,0
DA:153,0
DA:154,0
DA:156,0
DA:167,0
DA:172,0
DA:175,0
DA:186,0
DA:189,0
DA:202,0
DA:205,0
DA:219,0
DA:222,0
DA:227,0
DA:247,0
DA:250,0
DA:256,0
DA:257,0
DA:273,0
DA:276,0
DA:283,0
DA:289,0
DA:296,0
DA:307,0
LF:40
LH:0
BRDA:154,0,0,0
BRDA:154,0,1,0
BRDA:155,1,0,0
BRDA:155,1,1,0
BRDA:156,2,0,0
BRDA:156,2,1,0
BRDA:174,3,0,0
BRDA:174,3,1,0
BRDA:188,4,0,0
BRDA:188,4,1,0
BRDA:204,5,0,0
BRDA:204,5,1,0
BRDA:221,6,0,0
BRDA:221,6,1,0
BRDA:249,7,0,0
BRDA:249,7,1,0
BRDA:275,8,0,0
BRDA:275,8,1,0
BRDA:289,9,0,0
BRDA:289,9,1,0
BRDA:296,10,0,0
BRDA:296,10,1,0
BRF:22
BRH:0
end_of_record
TN:
SF:src\views\TaskDetail.vue
FN:472,render
FN:487,(anonymous_1)
FN:496,(anonymous_2)
FN:509,(anonymous_3)
FN:517,(anonymous_4)
FN:531,(anonymous_5)
FN:543,(anonymous_6)
FN:549,(anonymous_7)
FN:558,(anonymous_8)
FN:567,(anonymous_9)
FN:576,(anonymous_10)
FN:580,(anonymous_11)
FN:591,(anonymous_12)
FN:594,onClick
FN:600,(anonymous_14)
FN:606,onClick
FN:611,(anonymous_16)
FN:619,onClick
FN:624,(anonymous_18)
FN:637,(anonymous_19)
FN:643,(anonymous_20)
FN:649,(anonymous_21)
FN:655,(anonymous_22)
FN:661,(anonymous_23)
FN:667,(anonymous_24)
FN:669,(anonymous_25)
FN:673,(anonymous_26)
FN:683,(anonymous_27)
FN:689,(anonymous_28)
FN:696,(anonymous_29)
FN:701,(anonymous_30)
FN:704,(anonymous_31)
FN:718,(anonymous_32)
FN:721,(anonymous_33)
FN:726,(anonymous_34)
FN:749,(anonymous_35)
FN:752,(anonymous_36)
FN:757,(anonymous_37)
FN:777,(anonymous_38)
FN:780,(anonymous_39)
FNF:40
FNH:0
FNDA:0,render
FNDA:0,(anonymous_1)
FNDA:0,(anonymous_2)
FNDA:0,(anonymous_3)
FNDA:0,(anonymous_4)
FNDA:0,(anonymous_5)
FNDA:0,(anonymous_6)
FNDA:0,(anonymous_7)
FNDA:0,(anonymous_8)
FNDA:0,(anonymous_9)
FNDA:0,(anonymous_10)
FNDA:0,(anonymous_11)
FNDA:0,(anonymous_12)
FNDA:0,onClick
FNDA:0,(anonymous_14)
FNDA:0,onClick
FNDA:0,(anonymous_16)
FNDA:0,onClick
FNDA:0,(anonymous_18)
FNDA:0,(anonymous_19)
FNDA:0,(anonymous_20)
FNDA:0,(anonymous_21)
FNDA:0,(anonymous_22)
FNDA:0,(anonymous_23)
FNDA:0,(anonymous_24)
FNDA:0,(anonymous_25)
FNDA:0,(anonymous_26)
FNDA:0,(anonymous_27)
FNDA:0,(anonymous_28)
FNDA:0,(anonymous_29)
FNDA:0,(anonymous_30)
FNDA:0,(anonymous_31)
FNDA:0,(anonymous_32)
FNDA:0,(anonymous_33)
FNDA:0,(anonymous_34)
FNDA:0,(anonymous_35)
FNDA:0,(anonymous_36)
FNDA:0,(anonymous_37)
FNDA:0,(anonymous_38)
FNDA:0,(anonymous_39)
DA:4,0
DA:7,0
DA:386,0
DA:388,0
DA:391,0
DA:392,0
DA:393,0
DA:396,0
DA:399,0
DA:402,0
DA:405,0
DA:409,0
DA:412,0
DA:415,0
DA:419,0
DA:422,0
DA:425,0
DA:428,0
DA:431,0
DA:434,0
DA:437,0
DA:440,0
DA:443,0
DA:446,0
DA:449,0
DA:452,0
DA:455,0
DA:458,0
DA:462,0
DA:465,0
DA:469,0
DA:473,0
DA:474,0
DA:475,0
DA:476,0
DA:477,0
DA:478,0
DA:479,0
DA:480,0
DA:481,0
DA:482,0
DA:483,0
DA:484,0
DA:485,0
DA:486,0
DA:488,0
DA:497,0
DA:510,0
DA:518,0
DA:532,0
DA:544,0
DA:550,0
DA:559,0
DA:568,0
DA:577,0
DA:581,0
DA:592,0
DA:595,0
DA:601,0
DA:607,0
DA:612,0
DA:620,0
DA:625,0
DA:638,0
DA:644,0
DA:650,0
DA:656,0
DA:662,0
DA:668,0
DA:670,0
DA:674,0
DA:684,0
DA:690,0
DA:697,0
DA:702,0
DA:705,0
DA:719,0
DA:722,0
DA:727,0
DA:750,0
DA:753,0
DA:758,0
DA:778,0
DA:781,0
DA:793,0
LF:85
LH:0
BRDA:486,0,0,0
BRDA:486,0,1,0
BRDA:487,1,0,0
BRDA:487,1,1,0
BRDA:488,2,0,0
BRDA:488,2,1,0
BRDA:491,3,0,0
BRDA:491,3,1,0
BRDA:491,4,0,0
BRDA:491,4,1,0
BRDA:497,5,0,0
BRDA:497,5,1,0
BRDA:501,6,0,0
BRDA:501,6,1,0
BRDA:521,7,0,0
BRDA:521,7,1,0
BRDA:521,8,0,0
BRDA:521,8,1,0
BRDA:521,9,0,0
BRDA:521,9,1,0
BRDA:521,10,0,0
BRDA:521,10,1,0
BRDA:523,11,0,0
BRDA:523,11,1,0
BRDA:525,12,0,0
BRDA:525,12,1,0
BRDA:525,13,0,0
BRDA:525,13,1,0
BRDA:525,14,0,0
BRDA:525,14,1,0
BRDA:525,15,0,0
BRDA:525,15,1,0
BRDA:525,16,0,0
BRDA:525,16,1,0
BRDA:525,17,0,0
BRDA:525,17,1,0
BRDA:532,18,0,0
BRDA:532,18,1,0
BRDA:536,19,0,0
BRDA:536,19,1,0
BRDA:578,20,0,0
BRDA:578,20,1,0
BRDA:581,21,0,0
BRDA:581,21,1,0
BRDA:597,22,0,0
BRDA:597,22,1,0
BRDA:601,23,0,0
BRDA:601,23,1,0
BRDA:612,24,0,0
BRDA:612,24,1,0
BRDA:625,25,0,0
BRDA:625,25,1,0
BRDA:635,26,0,0
BRDA:635,26,1,0
BRDA:635,27,0,0
BRDA:635,27,1,0
BRDA:635,28,0,0
BRDA:635,28,1,0
BRDA:637,29,0,0
BRDA:637,29,1,0
BRDA:638,30,0,0
BRDA:638,30,1,0
BRDA:641,31,0,0
BRDA:641,31,1,0
BRDA:643,32,0,0
BRDA:643,32,1,0
BRDA:644,33,0,0
BRDA:644,33,1,0
BRDA:647,34,0,0
BRDA:647,34,1,0
BRDA:649,35,0,0
BRDA:649,35,1,0
BRDA:650,36,0,0
BRDA:650,36,1,0
BRDA:653,37,0,0
BRDA:653,37,1,0
BRDA:655,38,0,0
BRDA:655,38,1,0
BRDA:656,39,0,0
BRDA:656,39,1,0
BRDA:661,40,0,0
BRDA:661,40,1,0
BRDA:664,41,0,0
BRDA:664,41,1,0
BRDA:669,42,0,0
BRDA:669,42,1,0
BRDA:674,43,0,0
BRDA:674,43,1,0
BRDA:684,44,0,0
BRDA:684,44,1,0
BRDA:704,45,0,0
BRDA:704,45,1,0
BRDA:721,46,0,0
BRDA:721,46,1,0
BRDA:752,47,0,0
BRDA:752,47,1,0
BRDA:780,48,0,0
BRDA:780,48,1,0
BRF:98
BRH:0
end_of_record
TN:
SF:src\views\TaskEdit.vue
FN:189,render
FN:200,(anonymous_1)
FN:212,(anonymous_2)
FN:217,(anonymous_3)
FN:220,(anonymous_4)
FN:231,(anonymous_5)
FN:234,(anonymous_6)
FN:247,(anonymous_7)
FN:250,(anonymous_8)
FN:264,(anonymous_9)
FN:267,(anonymous_10)
FN:272,(anonymous_11)
FN:292,(anonymous_12)
FN:295,(anonymous_13)
FN:300,(anonymous_14)
FN:320,(anonymous_15)
FN:323,(anonymous_16)
FN:329,(anonymous_17)
FN:330,(anonymous_18)
FN:346,(anonymous_19)
FN:349,(anonymous_20)
FN:356,(anonymous_21)
FN:362,(anonymous_22)
FN:369,(anonymous_23)
FNF:24
FNH:0
FNDA:0,render
FNDA:0,(anonymous_1)
FNDA:0,(anonymous_2)
FNDA:0,(anonymous_3)
FNDA:0,(anonymous_4)
FNDA:0,(anonymous_5)
FNDA:0,(anonymous_6)
FNDA:0,(anonymous_7)
FNDA:0,(anonymous_8)
FNDA:0,(anonymous_9)
FNDA:0,(anonymous_10)
FNDA:0,(anonymous_11)
FNDA:0,(anonymous_12)
FNDA:0,(anonymous_13)
FNDA:0,(anonymous_14)
FNDA:0,(anonymous_15)
FNDA:0,(anonymous_16)
FNDA:0,(anonymous_17)
FNDA:0,(anonymous_18)
FNDA:0,(anonymous_19)
FNDA:0,(anonymous_20)
FNDA:0,(anonymous_21)
FNDA:0,(anonymous_22)
FNDA:0,(anonymous_23)
DA:4,0
DA:7,0
DA:166,0
DA:168,0
DA:171,0
DA:172,0
DA:173,0
DA:176,0
DA:179,0
DA:182,0
DA:185,0
DA:190,0
DA:191,0
DA:192,0
DA:193,0
DA:194,0
DA:195,0
DA:196,0
DA:197,0
DA:198,0
DA:199,0
DA:201,0
DA:213,0
DA:218,0
DA:221,0
DA:232,0
DA:235,0
DA:248,0
DA:251,0
DA:265,0
DA:268,0
DA:273,0
DA:293,0
DA:296,0
DA:301,0
DA:321,0
DA:324,0
DA:330,0
DA:331,0
DA:347,0
DA:350,0
DA:357,0
DA:363,0
DA:370,0
DA:381,0
LF:45
LH:0
BRDA:199,0,0,0
BRDA:199,0,1,0
BRDA:200,1,0,0
BRDA:200,1,1,0
BRDA:201,2,0,0
BRDA:201,2,1,0
BRDA:204,3,0,0
BRDA:204,3,1,0
BRDA:220,4,0,0
BRDA:220,4,1,0
BRDA:234,5,0,0
BRDA:234,5,1,0
BRDA:250,6,0,0
BRDA:250,6,1,0
BRDA:267,7,0,0
BRDA:267,7,1,0
BRDA:295,8,0,0
BRDA:295,8,1,0
BRDA:323,9,0,0
BRDA:323,9,1,0
BRDA:349,10,0,0
BRDA:349,10,1,0
BRDA:363,11,0,0
BRDA:363,11,1,0
BRDA:370,12,0,0
BRDA:370,12,1,0
BRF:26
BRH:0
end_of_record
TN:
SF:src\views\TaskList.vue
FN:420,render
FN:437,(anonymous_1)
FN:443,(anonymous_2)
FN:451,(anonymous_3)
FN:466,(anonymous_4)
FN:482,(anonymous_5)
FN:487,(anonymous_6)
FN:492,(anonymous_7)
FN:497,(anonymous_8)
FN:509,(anonymous_9)
FN:518,(anonymous_10)
FN:523,(anonymous_11)
FN:535,(anonymous_12)
FN:544,(anonymous_13)
FN:548,(anonymous_14)
FN:560,(anonymous_15)
FN:564,(anonymous_16)
FN:576,(anonymous_17)
FN:588,(anonymous_18)
FN:593,(anonymous_19)
FN:601,onClick
FN:606,(anonymous_21)
FN:620,(anonymous_22)
FN:624,(anonymous_23)
FN:635,(anonymous_24)
FN:641,(anonymous_25)
FN:643,(anonymous_26)
FN:647,(anonymous_27)
FN:657,(anonymous_28)
FN:663,(anonymous_29)
FN:667,(anonymous_30)
FN:671,(anonymous_31)
FN:674,(anonymous_32)
FN:679,(anonymous_33)
FN:698,(anonymous_34)
FN:701,(anonymous_35)
FN:707,(anonymous_36)
FN:708,(anonymous_37)
FNF:38
FNH:0
FNDA:0,render
FNDA:0,(anonymous_1)
FNDA:0,(anonymous_2)
FNDA:0,(anonymous_3)
FNDA:0,(anonymous_4)
FNDA:0,(anonymous_5)
FNDA:0,(anonymous_6)
FNDA:0,(anonymous_7)
FNDA:0,(anonymous_8)
FNDA:0,(anonymous_9)
FNDA:0,(anonymous_10)
FNDA:0,(anonymous_11)
FNDA:0,(anonymous_12)
FNDA:0,(anonymous_13)
FNDA:0,(anonymous_14)
FNDA:0,(anonymous_15)
FNDA:0,(anonymous_16)
FNDA:0,(anonymous_17)
FNDA:0,(anonymous_18)
FNDA:0,(anonymous_19)
FNDA:0,onClick
FNDA:0,(anonymous_21)
FNDA:0,(anonymous_22)
FNDA:0,(anonymous_23)
FNDA:0,(anonymous_24)
FNDA:0,(anonymous_25)
FNDA:0,(anonymous_26)
FNDA:0,(anonymous_27)
FNDA:0,(anonymous_28)
FNDA:0,(anonymous_29)
FNDA:0,(anonymous_30)
FNDA:0,(anonymous_31)
FNDA:0,(anonymous_32)
FNDA:0,(anonymous_33)
FNDA:0,(anonymous_34)
FNDA:0,(anonymous_35)
FNDA:0,(anonymous_36)
FNDA:0,(anonymous_37)
DA:4,0
DA:7,0
DA:373,0
DA:375,0
DA:378,0
DA:379,0
DA:380,0
DA:383,0
DA:386,0
DA:389,0
DA:392,0
DA:395,0
DA:398,0
DA:401,0
DA:404,0
DA:408,0
DA:411,0
DA:414,0
DA:417,0
DA:421,0
DA:422,0
DA:423,0
DA:424,0
DA:425,0
DA:426,0
DA:427,0
DA:428,0
DA:429,0
DA:430,0
DA:431,0
DA:432,0
DA:433,0
DA:438,0
DA:444,0
DA:452,0
DA:467,0
DA:483,0
DA:488,0
DA:493,0
DA:498,0
DA:510,0
DA:519,0
DA:524,0
DA:536,0
DA:545,0
DA:549,0
DA:561,0
DA:565,0
DA:577,0
DA:589,0
DA:594,0
DA:602,0
DA:607,0
DA:621,0
DA:625,0
DA:636,0
DA:642,0
DA:644,0
DA:648,0
DA:658,0
DA:664,0
DA:668,0
DA:672,0
DA:675,0
DA:680,0
DA:699,0
DA:702,0
DA:708,0
DA:709,0
DA:727,0
LF:70
LH:0
BRDA:433,0,0,0
BRDA:433,0,1,0
BRDA:438,1,0,0
BRDA:438,1,1,0
BRDA:443,2,0,0
BRDA:443,2,1,0
BRDA:444,3,0,0
BRDA:444,3,1,0
BRDA:447,4,0,0
BRDA:447,4,1,0
BRDA:451,5,0,0
BRDA:451,5,1,0
BRDA:454,6,0,0
BRDA:454,6,1,0
BRDA:462,7,0,0
BRDA:462,7,1,0
BRDA:466,8,0,0
BRDA:466,8,1,0
BRDA:469,9,0,0
BRDA:469,9,1,0
BRDA:477,10,0,0
BRDA:477,10,1,0
BRDA:482,11,0,0
BRDA:482,11,1,0
BRDA:487,12,0,0
BRDA:487,12,1,0
BRDA:488,13,0,0
BRDA:488,13,1,0
BRDA:491,14,0,0
BRDA:491,14,1,0
BRDA:492,15,0,0
BRDA:492,15,1,0
BRDA:493,16,0,0
BRDA:493,16,1,0
BRDA:497,17,0,0
BRDA:497,17,1,0
BRDA:498,18,0,0
BRDA:498,18,1,0
BRDA:579,19,0,0
BRDA:579,19,1,0
BRDA:594,20,0,0
BRDA:594,20,1,0
BRDA:607,21,0,0
BRDA:607,21,1,0
BRDA:617,22,0,0
BRDA:617,22,1,0
BRDA:620,23,0,0
BRDA:620,23,1,0
BRDA:624,24,0,0
BRDA:624,24,1,0
BRDA:635,25,0,0
BRDA:635,25,1,0
BRDA:643,26,0,0
BRDA:643,26,1,0
BRDA:648,27,0,0
BRDA:648,27,1,0
BRDA:658,28,0,0
BRDA:658,28,1,0
BRDA:674,29,0,0
BRDA:674,29,1,0
BRDA:701,30,0,0
BRDA:701,30,1,0
BRF:62
BRH:0
end_of_record
TN:
SF:src\views\ThemeSettings.vue
FN:219,render
FN:228,(anonymous_1)
FN:235,(anonymous_2)
FN:238,(anonymous_3)
FN:243,(anonymous_4)
FN:247,(anonymous_5)
FN:255,(anonymous_6)
FN:263,(anonymous_7)
FN:271,(anonymous_8)
FN:277,onClick
FN:288,(anonymous_10)
FN:294,(anonymous_11)
FN:298,(anonymous_12)
FN:306,(anonymous_13)
FN:314,(anonymous_14)
FN:324,(anonymous_15)
FN:332,(anonymous_16)
FN:338,(anonymous_17)
FN:356,(anonymous_18)
FN:364,(anonymous_19)
FNF:20
FNH:0
FNDA:0,render
FNDA:0,(anonymous_1)
FNDA:0,(anonymous_2)
FNDA:0,(anonymous_3)
FNDA:0,(anonymous_4)
FNDA:0,(anonymous_5)
FNDA:0,(anonymous_6)
FNDA:0,(anonymous_7)
FNDA:0,(anonymous_8)
FNDA:0,onClick
FNDA:0,(anonymous_10)
FNDA:0,(anonymous_11)
FNDA:0,(anonymous_12)
FNDA:0,(anonymous_13)
FNDA:0,(anonymous_14)
FNDA:0,(anonymous_15)
FNDA:0,(anonymous_16)
FNDA:0,(anonymous_17)
FNDA:0,(anonymous_18)
FNDA:0,(anonymous_19)
DA:4,0
DA:7,0
DA:184,0
DA:186,0
DA:189,0
DA:190,0
DA:191,0
DA:194,0
DA:197,0
DA:200,0
DA:203,0
DA:206,0
DA:207,0
DA:210,0
DA:213,0
DA:216,0
DA:220,0
DA:221,0
DA:222,0
DA:223,0
DA:224,0
DA:225,0
DA:226,0
DA:227,0
DA:229,0
DA:236,0
DA:239,0
DA:244,0
DA:248,0
DA:256,0
DA:264,0
DA:272,0
DA:278,0
DA:289,0
DA:295,0
DA:299,0
DA:307,0
DA:315,0
DA:325,0
DA:333,0
DA:339,0
DA:357,0
DA:365,0
DA:373,0
LF:44
LH:0
BRDA:227,0,0,0
BRDA:227,0,1,0
BRDA:228,1,0,0
BRDA:228,1,1,0
BRDA:229,2,0,0
BRDA:229,2,1,0
BRDA:236,3,0,0
BRDA:236,3,1,0
BRDA:238,4,0,0
BRDA:238,4,1,0
BRDA:248,5,0,0
BRDA:248,5,1,0
BRDA:256,6,0,0
BRDA:256,6,1,0
BRDA:264,7,0,0
BRDA:264,7,1,0
BRDA:271,8,0,0
BRDA:271,8,1,0
BRDA:286,9,0,0
BRDA:286,9,1,0
BRDA:288,10,0,0
BRDA:288,10,1,0
BRDA:299,11,0,0
BRDA:299,11,1,0
BRDA:307,12,0,0
BRDA:307,12,1,0
BRDA:315,13,0,0
BRDA:315,13,1,0
BRDA:322,14,0,0
BRDA:322,14,1,0
BRDA:324,15,0,0
BRDA:324,15,1,0
BRDA:330,16,0,0
BRDA:330,16,1,0
BRDA:332,17,0,0
BRDA:332,17,1,0
BRDA:357,18,0,0
BRDA:357,18,1,0
BRDA:365,19,0,0
BRDA:365,19,1,0
BRF:40
BRH:0
end_of_record
TN:
SF:src\views\Trash.vue
FN:5,(anonymous_0)
FN:12,(anonymous_1)
FN:17,(anonymous_2)
FN:31,(anonymous_3)
FN:34,(anonymous_4)
FN:44,(anonymous_5)
FN:49,(anonymous_6)
FN:58,(anonymous_7)
FN:62,(anonymous_8)
FN:67,(anonymous_9)
FN:69,(anonymous_10)
FN:78,(anonymous_11)
FN:82,(anonymous_12)
FN:87,(anonymous_13)
FN:89,(anonymous_14)
FN:98,(anonymous_15)
FN:102,(anonymous_16)
FN:106,(anonymous_17)
FN:110,(anonymous_18)
FN:150,render
FN:156,(anonymous_20)
FN:161,(anonymous_21)
FN:166,(anonymous_22)
FN:178,(anonymous_23)
FN:191,(anonymous_24)
FN:200,(anonymous_25)
FN:208,(anonymous_26)
FN:211,onClick
FN:216,(anonymous_28)
FN:224,onClick
FN:229,(anonymous_30)
FNF:31
FNH:0
FNDA:0,(anonymous_0)
FNDA:0,(anonymous_1)
FNDA:0,(anonymous_2)
FNDA:0,(anonymous_3)
FNDA:0,(anonymous_4)
FNDA:0,(anonymous_5)
FNDA:0,(anonymous_6)
FNDA:0,(anonymous_7)
FNDA:0,(anonymous_8)
FNDA:0,(anonymous_9)
FNDA:0,(anonymous_10)
FNDA:0,(anonymous_11)
FNDA:0,(anonymous_12)
FNDA:0,(anonymous_13)
FNDA:0,(anonymous_14)
FNDA:0,(anonymous_15)
FNDA:0,(anonymous_16)
FNDA:0,(anonymous_17)
FNDA:0,(anonymous_18)
FNDA:0,render
FNDA:0,(anonymous_20)
FNDA:0,(anonymous_21)
FNDA:0,(anonymous_22)
FNDA:0,(anonymous_23)
FNDA:0,(anonymous_24)
FNDA:0,(anonymous_25)
FNDA:0,(anonymous_26)
FNDA:0,onClick
FNDA:0,(anonymous_28)
FNDA:0,onClick
FNDA:0,(anonymous_30)
DA:6,0
DA:13,0
DA:18,0
DA:19,0
DA:20,0
DA:23,0
DA:25,0
DA:26,0
DA:28,0
DA:32,0
DA:35,0
DA:36,0
DA:37,0
DA:38,0
DA:40,0
DA:41,0
DA:45,0
DA:50,0
DA:51,0
DA:52,0
DA:53,0
DA:55,0
DA:56,0
DA:63,0
DA:68,0
DA:69,0
DA:70,0
DA:71,0
DA:72,0
DA:73,0
DA:75,0
DA:76,0
DA:83,0
DA:88,0
DA:89,0
DA:90,0
DA:91,0
DA:92,0
DA:93,0
DA:95,0
DA:96,0
DA:103,0
DA:107,0
DA:108,0
DA:111,0
DA:112,0
DA:113,0
DA:117,0
DA:119,0
DA:122,0
DA:123,0
DA:124,0
DA:127,0
DA:130,0
DA:133,0
DA:137,0
DA:140,0
DA:143,0
DA:146,0
DA:151,0
DA:152,0
DA:153,0
DA:154,0
DA:155,0
DA:157,0
DA:162,0
DA:167,0
DA:179,0
DA:192,0
DA:201,0
DA:209,0
DA:212,0
DA:217,0
DA:225,0
DA:230,0
DA:241,0
LF:76
LH:0
BRDA:23,0,0,0
BRDA:23,0,1,0
BRDA:107,1,0,0
BRDA:107,1,1,0
BRDA:108,2,0,0
BRDA:108,2,1,0
BRDA:111,3,0,0
BRDA:111,3,1,0
BRDA:155,4,0,0
BRDA:155,4,1,0
BRDA:156,5,0,0
BRDA:156,5,1,0
BRDA:157,6,0,0
BRDA:157,6,1,0
BRDA:160,7,0,0
BRDA:160,7,1,0
BRDA:161,8,0,0
BRDA:161,8,1,0
BRDA:162,9,0,0
BRDA:162,9,1,0
BRDA:166,10,0,0
BRDA:166,10,1,0
BRDA:167,11,0,0
BRDA:167,11,1,0
BRDA:217,12,0,0
BRDA:217,12,1,0
BRDA:230,13,0,0
BRDA:230,13,1,0
BRDA:240,14,0,0
BRDA:240,14,1,0
BRDA:240,15,0,0
BRDA:240,15,1,0
BRF:32
BRH:0
end_of_record
TN:
SF:src\views\UserManagement.vue
FN:5,(anonymous_0)
FN:50,(anonymous_1)
FN:91,(anonymous_2)
FN:94,(anonymous_3)
FN:97,(anonymous_4)
FN:98,(anonymous_5)
FN:101,(anonymous_6)
FN:106,(anonymous_7)
FN:109,(anonymous_8)
FN:123,(anonymous_9)
FN:127,(anonymous_10)
FN:131,(anonymous_11)
FN:137,(anonymous_12)
FN:142,(anonymous_13)
FN:154,(anonymous_14)
FN:158,(anonymous_15)
FN:161,(anonymous_16)
FN:162,(anonymous_17)
FN:194,(anonymous_18)
FN:195,(anonymous_19)
FN:247,render
FN:260,(anonymous_21)
FN:266,(anonymous_22)
FN:279,(anonymous_23)
FN:285,(anonymous_24)
FN:293,(anonymous_25)
FN:306,(anonymous_26)
FN:322,(anonymous_27)
FN:326,(anonymous_28)
FN:341,(anonymous_29)
FN:344,onClick
FN:348,(anonymous_31)
FN:356,onClick
FN:359,(anonymous_33)
FN:363,(anonymous_34)
FN:377,(anonymous_35)
FN:381,(anonymous_36)
FN:395,(anonymous_37)
FN:401,(anonymous_38)
FN:403,(anonymous_39)
FN:407,(anonymous_40)
FN:417,(anonymous_41)
FN:423,(anonymous_42)
FN:429,(anonymous_43)
FN:434,(anonymous_44)
FN:437,(anonymous_45)
FN:447,(anonymous_46)
FN:450,(anonymous_47)
FN:461,(anonymous_48)
FN:464,(anonymous_49)
FN:475,(anonymous_50)
FN:478,(anonymous_51)
FN:488,(anonymous_52)
FN:491,(anonymous_53)
FN:505,(anonymous_54)
FN:511,(anonymous_55)
FN:513,(anonymous_56)
FN:517,(anonymous_57)
FN:527,(anonymous_58)
FN:533,(anonymous_59)
FN:539,(anonymous_60)
FN:544,(anonymous_61)
FN:547,(anonymous_62)
FN:557,(anonymous_63)
FN:560,(anonymous_64)
FN:570,(anonymous_65)
FN:573,(anonymous_66)
FNF:67
FNH:0
FNDA:0,(anonymous_0)
FNDA:0,(anonymous_1)
FNDA:0,(anonymous_2)
FNDA:0,(anonymous_3)
FNDA:0,(anonymous_4)
FNDA:0,(anonymous_5)
FNDA:0,(anonymous_6)
FNDA:0,(anonymous_7)
FNDA:0,(anonymous_8)
FNDA:0,(anonymous_9)
FNDA:0,(anonymous_10)
FNDA:0,(anonymous_11)
FNDA:0,(anonymous_12)
FNDA:0,(anonymous_13)
FNDA:0,(anonymous_14)
FNDA:0,(anonymous_15)
FNDA:0,(anonymous_16)
FNDA:0,(anonymous_17)
FNDA:0,(anonymous_18)
FNDA:0,(anonymous_19)
FNDA:0,render
FNDA:0,(anonymous_21)
FNDA:0,(anonymous_22)
FNDA:0,(anonymous_23)
FNDA:0,(anonymous_24)
FNDA:0,(anonymous_25)
FNDA:0,(anonymous_26)
FNDA:0,(anonymous_27)
FNDA:0,(anonymous_28)
FNDA:0,(anonymous_29)
FNDA:0,onClick
FNDA:0,(anonymous_31)
FNDA:0,onClick
FNDA:0,(anonymous_33)
FNDA:0,(anonymous_34)
FNDA:0,(anonymous_35)
FNDA:0,(anonymous_36)
FNDA:0,(anonymous_37)
FNDA:0,(anonymous_38)
FNDA:0,(anonymous_39)
FNDA:0,(anonymous_40)
FNDA:0,(anonymous_41)
FNDA:0,(anonymous_42)
FNDA:0,(anonymous_43)
FNDA:0,(anonymous_44)
FNDA:0,(anonymous_45)
FNDA:0,(anonymous_46)
FNDA:0,(anonymous_47)
FNDA:0,(anonymous_48)
FNDA:0,(anonymous_49)
FNDA:0,(anonymous_50)
FNDA:0,(anonymous_51)
FNDA:0,(anonymous_52)
FNDA:0,(anonymous_53)
FNDA:0,(anonymous_54)
FNDA:0,(anonymous_55)
FNDA:0,(anonymous_56)
FNDA:0,(anonymous_57)
FNDA:0,(anonymous_58)
FNDA:0,(anonymous_59)
FNDA:0,(anonymous_60)
FNDA:0,(anonymous_61)
FNDA:0,(anonymous_62)
FNDA:0,(anonymous_63)
FNDA:0,(anonymous_64)
FNDA:0,(anonymous_65)
FNDA:0,(anonymous_66)
DA:6,0
DA:51,0
DA:52,0
DA:54,0
DA:92,0
DA:95,0
DA:98,0
DA:102,0
DA:107,0
DA:110,0
DA:111,0
DA:112,0
DA:118,0
DA:120,0
DA:124,0
DA:125,0
DA:128,0
DA:129,0
DA:132,0
DA:135,0
DA:138,0
DA:143,0
DA:144,0
DA:145,0
DA:147,0
DA:148,0
DA:150,0
DA:152,0
DA:159,0
DA:162,0
DA:163,0
DA:164,0
DA:165,0
DA:167,0
DA:170,0
DA:171,0
DA:172,0
DA:173,0
DA:176,0
DA:185,0
DA:187,0
DA:189,0
DA:195,0
DA:196,0
DA:197,0
DA:198,0
DA:199,0
DA:207,0
DA:208,0
DA:211,0
DA:213,0
DA:215,0
DA:222,0
DA:224,0
DA:227,0
DA:228,0
DA:229,0
DA:232,0
DA:235,0
DA:238,0
DA:241,0
DA:244,0
DA:248,0
DA:249,0
DA:250,0
DA:251,0
DA:252,0
DA:253,0
DA:254,0
DA:255,0
DA:256,0
DA:257,0
DA:258,0
DA:259,0
DA:261,0
DA:267,0
DA:280,0
DA:286,0
DA:294,0
DA:307,0
DA:323,0
DA:327,0
DA:342,0
DA:345,0
DA:349,0
DA:357,0
DA:360,0
DA:364,0
DA:378,0
DA:382,0
DA:396,0
DA:402,0
DA:404,0
DA:408,0
DA:418,0
DA:424,0
DA:430,0
DA:435,0
DA:438,0
DA:448,0
DA:451,0
DA:462,0
DA:465,0
DA:476,0
DA:479,0
DA:489,0
DA:492,0
DA:506,0
DA:512,0
DA:514,0
DA:518,0
DA:528,0
DA:534,0
DA:540,0
DA:545,0
DA:548,0
DA:558,0
DA:561,0
DA:571,0
DA:574,0
DA:587,0
LF:121
LH:0
BRDA:51,0,0,0
BRDA:51,0,1,0
BRDA:147,1,0,0
BRDA:147,1,1,0
BRDA:147,2,0,0
BRDA:147,2,1,0
BRDA:159,3,0,0
BRDA:159,3,1,0
BRDA:163,4,0,0
BRDA:163,4,1,0
BRDA:196,5,0,0
BRDA:196,5,1,0
BRDA:259,6,0,0
BRDA:259,6,1,0
BRDA:260,7,0,0
BRDA:260,7,1,0
BRDA:261,8,0,0
BRDA:261,8,1,0
BRDA:266,9,0,0
BRDA:266,9,1,0
BRDA:280,10,0,0
BRDA:280,10,1,0
BRDA:285,11,0,0
BRDA:285,11,1,0
BRDA:294,12,0,0
BRDA:294,12,1,0
BRDA:324,13,0,0
BRDA:324,13,1,0
BRDA:327,14,0,0
BRDA:327,14,1,0
BRDA:349,15,0,0
BRDA:349,15,1,0
BRDA:359,16,0,0
BRDA:359,16,1,0
BRDA:364,17,0,0
BRDA:364,17,1,0
BRDA:374,18,0,0
BRDA:374,18,1,0
BRDA:377,19,0,0
BRDA:377,19,1,0
BRDA:381,20,0,0
BRDA:381,20,1,0
BRDA:395,21,0,0
BRDA:395,21,1,0
BRDA:403,22,0,0
BRDA:403,22,1,0
BRDA:408,23,0,0
BRDA:408,23,1,0
BRDA:418,24,0,0
BRDA:418,24,1,0
BRDA:437,25,0,0
BRDA:437,25,1,0
BRDA:450,26,0,0
BRDA:450,26,1,0
BRDA:464,27,0,0
BRDA:464,27,1,0
BRDA:478,28,0,0
BRDA:478,28,1,0
BRDA:491,29,0,0
BRDA:491,29,1,0
BRDA:505,30,0,0
BRDA:505,30,1,0
BRDA:513,31,0,0
BRDA:513,31,1,0
BRDA:518,32,0,0
BRDA:518,32,1,0
BRDA:528,33,0,0
BRDA:528,33,1,0
BRDA:547,34,0,0
BRDA:547,34,1,0
BRDA:560,35,0,0
BRDA:560,35,1,0
BRDA:573,36,0,0
BRDA:573,36,1,0
BRF:74
BRH:0
end_of_record
